#
# There is insufficient memory for the Java Runtime Environment to continue.
# Native memory allocation (malloc) failed to allocate 3057776 bytes for Chunk::new
# Possible reasons:
#   The system is out of physical RAM or swap space
#   The process is running with CompressedOops enabled, and the Java Heap may be blocking the growth of the native heap
# Possible solutions:
#   Reduce memory load on the system
#   Increase physical memory or swap space
#   Check if swap backing store is full
#   Decrease Java heap size (-Xmx/-Xms)
#   Decrease number of Java threads
#   Decrease Java thread stack sizes (-Xss)
#   Set larger code cache with -XX:ReservedCodeCacheSize=
#   JVM is running with Unscaled Compressed Oops mode in which the Java heap is
#     placed in the first 4GB address space. The Java Heap base address is the
#     maximum limit for the native heap growth. Please use -XX:HeapBaseMinAddress
#     to set the Java Heap base and to place the Java Heap above 4GB virtual address.
# This output file may be truncated or incomplete.
#
#  Out of Memory Error (t:/workspace/open/src/hotspot/share/memory/arena.cpp:197), pid=154476, tid=156808
#
# JRE version: OpenJDK Runtime Environment (11.0.2+9) (build 11.0.2+9)
# Java VM: OpenJDK 64-Bit Server VM (11.0.2+9, mixed mode, tiered, compressed oops, g1 gc, windows-amd64)
# No core dump will be written. Minidumps are not enabled by default on client versions of Windows
#

---------------  S U M M A R Y ------------

Command Line: -ea -agentlib:jdwp=transport=dt_socket,address=127.0.0.1:59020 -Dfile.encoding=UTF-8 bluej.runtime.ExecServer UTF-8

Host: Intel(R) Core(TM) i3-7020U CPU @ 2.30GHz, 4 cores, 3G,  Windows 10 , 64 bit Build 18362 (10.0.18362.329)
Time: Fri Mar 27 12:23:53 2020 GMT Standard Time elapsed time: 9 seconds (0d 0h 0m 9s)

---------------  T H R E A D  ---------------

Current thread (0x000001be20840000):  JavaThread "C2 CompilerThread0" daemon [_thread_in_native, id=156808, stack(0x000000b54a200000,0x000000b54a300000)]


Current CompileTask:
C2:   9988 3338 %     4       com.sun.marlin.DRenderer::_endRendering @ 531 (2473 bytes)

Stack: [0x000000b54a200000,0x000000b54a300000]
Native frames: (J=compiled Java code, j=interpreted, Vv=VM code, C=native code)
V  [jvm.dll+0x63489a]
V  [jvm.dll+0x771f9f]
V  [jvm.dll+0x773648]
V  [jvm.dll+0x773d03]
V  [jvm.dll+0x25eba8]
V  [jvm.dll+0xc2191]
V  [jvm.dll+0xc271c]
V  [jvm.dll+0x36cc47]
V  [jvm.dll+0x1a95df]
V  [jvm.dll+0x218ad2]
V  [jvm.dll+0x217b6a]
V  [jvm.dll+0x194370]
V  [jvm.dll+0x226b3f]
V  [jvm.dll+0x225148]
V  [jvm.dll+0x73774d]
V  [jvm.dll+0x633942]
C  [ucrtbase.dll+0x20e72]
C  [KERNEL32.DLL+0x17bd4]
C  [ntdll.dll+0x6ced1]


---------------  P R O C E S S  ---------------

Threads class SMR info:
_java_thread_list=0x000001be2ccc06f0, length=26, elements={
0x000001be207d3800, 0x000001be207dc800, 0x000001be2083d800, 0x000001be2083e800,
0x000001be20840000, 0x000001be20846800, 0x000001be207fa800, 0x000001be212a3800,
0x000001be212ba800, 0x000001be212bb000, 0x000001be212c7800, 0x000001be212e2000,
0x000001be2164f800, 0x000001be21652000, 0x000001be216cf800, 0x000001be04ab8000,
0x000001be216a0800, 0x000001be218ca000, 0x000001be21d57000, 0x000001be21a7e800,
0x000001be22906800, 0x000001be229ab800, 0x000001be229a9000, 0x000001be229ae000,
0x000001be229ac800, 0x000001be22ad7800
}

Java Threads: ( => current thread )
  0x000001be207d3800 JavaThread "Reference Handler" daemon [_thread_blocked, id=165708, stack(0x000000b549e00000,0x000000b549f00000)]
  0x000001be207dc800 JavaThread "Finalizer" daemon [_thread_blocked, id=163888, stack(0x000000b549f00000,0x000000b54a000000)]
  0x000001be2083d800 JavaThread "Signal Dispatcher" daemon [_thread_blocked, id=134008, stack(0x000000b54a000000,0x000000b54a100000)]
  0x000001be2083e800 JavaThread "Attach Listener" daemon [_thread_blocked, id=164920, stack(0x000000b54a100000,0x000000b54a200000)]
=>0x000001be20840000 JavaThread "C2 CompilerThread0" daemon [_thread_in_native, id=156808, stack(0x000000b54a200000,0x000000b54a300000)]
  0x000001be20846800 JavaThread "C1 CompilerThread0" daemon [_thread_blocked, id=162416, stack(0x000000b54a300000,0x000000b54a400000)]
  0x000001be207fa800 JavaThread "Sweeper thread" daemon [_thread_blocked, id=164936, stack(0x000000b54a400000,0x000000b54a500000)]
  0x000001be212a3800 JavaThread "JDWP Transport Listener: dt_socket" daemon [_thread_blocked, id=164520, stack(0x000000b54a500000,0x000000b54a600000)]
  0x000001be212ba800 JavaThread "JDWP Event Helper Thread" daemon [_thread_blocked, id=142032, stack(0x000000b54a600000,0x000000b54a700000)]
  0x000001be212bb000 JavaThread "JDWP Command Reader" daemon [_thread_in_native, id=155492, stack(0x000000b54a700000,0x000000b54a800000)]
  0x000001be212c7800 JavaThread "Service Thread" daemon [_thread_blocked, id=164488, stack(0x000000b54a800000,0x000000b54a900000)]
  0x000001be212e2000 JavaThread "Common-Cleaner" daemon [_thread_blocked, id=162756, stack(0x000000b54aa00000,0x000000b54ab00000)]
  0x000001be2164f800 JavaThread "Java2D Disposer" daemon [_thread_blocked, id=164528, stack(0x000000b54ac00000,0x000000b54ad00000)]
  0x000001be21652000 JavaThread "AWT-Windows" daemon [_thread_in_native, id=164576, stack(0x000000b54ae00000,0x000000b54af00000)]
  0x000001be216cf800 JavaThread "BlueJ worker thread" [_thread_blocked, id=155416, stack(0x000000b54b000000,0x000000b54b100000)]
  0x000001be04ab8000 JavaThread "DestroyJavaVM" [_thread_blocked, id=157892, stack(0x000000b549700000,0x000000b549800000)]
  0x000001be216a0800 JavaThread "JavaFX BlueJ Helper" [_thread_blocked, id=159692, stack(0x000000b54b100000,0x000000b54b200000)]
  0x000001be218ca000 JavaThread "JavaFX-Launcher" [_thread_blocked, id=165544, stack(0x000000b54b200000,0x000000b54b300000)]
  0x000001be21d57000 JavaThread "QuantumRenderer-0" daemon [_thread_in_native, id=153772, stack(0x000000b54b300000,0x000000b54b400000)]
  0x000001be21a7e800 JavaThread "InvokeLaterDispatcher" daemon [_thread_blocked, id=165208, stack(0x000000b54ab00000,0x000000b54ac00000)]
  0x000001be22906800 JavaThread "JavaFX Application Thread" [_thread_blocked, id=162548, stack(0x000000b54b400000,0x000000b54b500000)]
  0x000001be229ab800 JavaThread "Thread-2" daemon [_thread_in_native, id=165504, stack(0x000000b54bb00000,0x000000b54bc00000)]
  0x000001be229a9000 JavaThread "Prism Font Disposer" daemon [_thread_blocked, id=130844, stack(0x000000b54ad00000,0x000000b54ae00000)]
  0x000001be229ae000 JavaThread "main" [_thread_blocked, id=164508, stack(0x000000b54bd00000,0x000000b54be00000)]
  0x000001be229ac800 JavaThread "Cleaner-0" daemon [_thread_blocked, id=165168, stack(0x000000b54c000000,0x000000b54c100000)]
  0x000001be22ad7800 JavaThread "C2 CompilerThread1" daemon [_thread_in_native, id=163276, stack(0x000000b54c600000,0x000000b54c700000)]

Other Threads:
  0x000001be207af800 VMThread "VM Thread" [stack: 0x000000b549d00000,0x000000b549e00000] [id=161200]
  0x000001be212cc800 WatcherThread [stack: 0x000000b54a900000,0x000000b54aa00000] [id=163296]
  0x000001be04acf000 GCTaskThread "GC Thread#0" [stack: 0x000000b549800000,0x000000b549900000] [id=158712]
  0x000001be225f4000 GCTaskThread "GC Thread#1" [stack: 0x000000b54b800000,0x000000b54b900000] [id=156188]
  0x000001be21ca1000 GCTaskThread "GC Thread#2" [stack: 0x000000b54b900000,0x000000b54ba00000] [id=154160]
  0x000001be21ca1800 GCTaskThread "GC Thread#3" [stack: 0x000000b54ba00000,0x000000b54bb00000] [id=161632]
  0x000001be04aec800 ConcurrentGCThread "G1 Main Marker" [stack: 0x000000b549900000,0x000000b549a00000] [id=162748]
  0x000001be04aee800 ConcurrentGCThread "G1 Conc#0" [stack: 0x000000b549a00000,0x000000b549b00000] [id=165700]
  0x000001be04b47000 ConcurrentGCThread "G1 Refine#0" [stack: 0x000000b549b00000,0x000000b549c00000] [id=165704]
  0x000001be22c58000 ConcurrentGCThread "G1 Refine#1" [stack: 0x000000b54af00000,0x000000b54b000000] [id=165292]
  0x000001be2c6ca800 ConcurrentGCThread "G1 Refine#2" [stack: 0x000000b54be00000,0x000000b54bf00000] [id=165120]
  0x000001be2cc16800 ConcurrentGCThread "G1 Refine#3" [stack: 0x000000b54bf00000,0x000000b54c000000] [id=165192]
  0x000001be04b48000 ConcurrentGCThread "G1 Young RemSet Sampling" [stack: 0x000000b549c00000,0x000000b549d00000] [id=162136]

Threads with active compile tasks:
C2 CompilerThread03338 %     4       com.sun.marlin.DRenderer::_endRendering @ 531 (2473 bytes)
C2 CompilerThread13375       4       jdk.internal.org.objectweb.asm.Frame::execute (2264 bytes)

VM state:not at safepoint (normal execution)

VM Mutex/Monitor currently owned by a thread: None

Heap address: 0x00000000c1600000, size: 1002 MB, Compressed Oops mode: 32-bit
Narrow klass base: 0x0000000000000000, Narrow klass shift: 3
Compressed class space size: 1073741824 Address: 0x0000000100000000

Heap:
 garbage-first heap   total 96256K, used 49306K [0x00000000c1600000, 0x0000000100000000)
  region size 1024K, 12 young (12288K), 3 survivors (3072K)
 Metaspace       used 32657K, capacity 33710K, committed 34048K, reserved 1079296K
  class space    used 4042K, capacity 4491K, committed 4608K, reserved 1048576K
Heap Regions: E=young(eden), S=young(survivor), O=old, HS=humongous(starts), HC=humongous(continues), CS=collection set, F=free, A=archive, TAMS=top-at-mark-start (previous, next)
|   0|0x00000000c1600000, 0x00000000c1700000, 0x00000000c1700000|100%| O|  |TAMS 0x00000000c1700000, 0x00000000c1600000| Untracked 
|   1|0x00000000c1700000, 0x00000000c1800000, 0x00000000c1800000|100%| O|  |TAMS 0x00000000c1800000, 0x00000000c1700000| Untracked 
|   2|0x00000000c1800000, 0x00000000c1900000, 0x00000000c1900000|100%| O|  |TAMS 0x00000000c1900000, 0x00000000c1800000| Untracked 
|   3|0x00000000c1900000, 0x00000000c1a00000, 0x00000000c1a00000|100%| O|  |TAMS 0x00000000c1a00000, 0x00000000c1900000| Untracked 
|   4|0x00000000c1a00000, 0x00000000c1b00000, 0x00000000c1b00000|100%| O|  |TAMS 0x00000000c1b00000, 0x00000000c1a00000| Untracked 
|   5|0x00000000c1b00000, 0x00000000c1c00000, 0x00000000c1c00000|100%| O|  |TAMS 0x00000000c1c00000, 0x00000000c1b00000| Untracked 
|   6|0x00000000c1c00000, 0x00000000c1d00000, 0x00000000c1d00000|100%| O|  |TAMS 0x00000000c1d00000, 0x00000000c1c00000| Untracked 
|   7|0x00000000c1d00000, 0x00000000c1e00000, 0x00000000c1e00000|100%| O|  |TAMS 0x00000000c1e00000, 0x00000000c1d00000| Untracked 
|   8|0x00000000c1e00000, 0x00000000c1f00000, 0x00000000c1f00000|100%| O|  |TAMS 0x00000000c1f00000, 0x00000000c1e00000| Untracked 
|   9|0x00000000c1f00000, 0x00000000c2000000, 0x00000000c2000000|100%| O|  |TAMS 0x00000000c2000000, 0x00000000c1f00000| Untracked 
|  10|0x00000000c2000000, 0x00000000c2100000, 0x00000000c2100000|100%| O|  |TAMS 0x00000000c2100000, 0x00000000c2000000| Untracked 
|  11|0x00000000c2100000, 0x00000000c2200000, 0x00000000c2200000|100%| O|  |TAMS 0x00000000c2200000, 0x00000000c2100000| Untracked 
|  12|0x00000000c2200000, 0x00000000c2300000, 0x00000000c2300000|100%| O|  |TAMS 0x00000000c2300000, 0x00000000c2200000| Untracked 
|  13|0x00000000c2300000, 0x00000000c2400000, 0x00000000c2400000|100%| O|  |TAMS 0x00000000c2400000, 0x00000000c2300000| Untracked 
|  14|0x00000000c2400000, 0x00000000c2500000, 0x00000000c2500000|100%| O|  |TAMS 0x00000000c2500000, 0x00000000c2400000| Untracked 
|  15|0x00000000c2500000, 0x00000000c2600000, 0x00000000c2600000|100%| O|  |TAMS 0x00000000c2600000, 0x00000000c2500000| Untracked 
|  16|0x00000000c2600000, 0x00000000c2700000, 0x00000000c2700000|100%| O|  |TAMS 0x00000000c2700000, 0x00000000c2600000| Untracked 
|  17|0x00000000c2700000, 0x00000000c2800000, 0x00000000c2800000|100%| O|  |TAMS 0x00000000c2800000, 0x00000000c2700000| Untracked 
|  18|0x00000000c2800000, 0x00000000c2900000, 0x00000000c2900000|100%| O|  |TAMS 0x00000000c2900000, 0x00000000c2800000| Untracked 
|  19|0x00000000c2900000, 0x00000000c2a00000, 0x00000000c2a00000|100%| O|  |TAMS 0x00000000c2a00000, 0x00000000c2900000| Untracked 
|  20|0x00000000c2a00000, 0x00000000c2b00000, 0x00000000c2b00000|100%| O|  |TAMS 0x00000000c2b00000, 0x00000000c2a00000| Untracked 
|  21|0x00000000c2b00000, 0x00000000c2c00000, 0x00000000c2c00000|100%| O|  |TAMS 0x00000000c2c00000, 0x00000000c2b00000| Untracked 
|  22|0x00000000c2c00000, 0x00000000c2d00000, 0x00000000c2d00000|100%| O|  |TAMS 0x00000000c2d00000, 0x00000000c2c00000| Untracked 
|  23|0x00000000c2d00000, 0x00000000c2e00000, 0x00000000c2e00000|100%| O|  |TAMS 0x00000000c2e00000, 0x00000000c2d00000| Untracked 
|  24|0x00000000c2e00000, 0x00000000c2f00000, 0x00000000c2f00000|100%| O|  |TAMS 0x00000000c2f00000, 0x00000000c2e00000| Untracked 
|  25|0x00000000c2f00000, 0x00000000c3000000, 0x00000000c3000000|100%| O|  |TAMS 0x00000000c3000000, 0x00000000c2f00000| Untracked 
|  26|0x00000000c3000000, 0x00000000c3100000, 0x00000000c3100000|100%| O|  |TAMS 0x00000000c3100000, 0x00000000c3000000| Untracked 
|  27|0x00000000c3100000, 0x00000000c3200000, 0x00000000c3200000|100%| O|  |TAMS 0x00000000c3200000, 0x00000000c3100000| Untracked 
|  28|0x00000000c3200000, 0x00000000c3300000, 0x00000000c3300000|100%| O|  |TAMS 0x00000000c3300000, 0x00000000c3200000| Untracked 
|  29|0x00000000c3300000, 0x00000000c3400000, 0x00000000c3400000|100%| O|  |TAMS 0x00000000c3400000, 0x00000000c3300000| Untracked 
|  30|0x00000000c3400000, 0x00000000c3500000, 0x00000000c3500000|100%| O|  |TAMS 0x00000000c3500000, 0x00000000c3400000| Untracked 
|  31|0x00000000c3500000, 0x00000000c3600000, 0x00000000c3600000|100%| O|  |TAMS 0x00000000c3600000, 0x00000000c3500000| Untracked 
|  32|0x00000000c3600000, 0x00000000c3700000, 0x00000000c3700000|100%| O|  |TAMS 0x00000000c3700000, 0x00000000c3600000| Untracked 
|  33|0x00000000c3700000, 0x00000000c3800000, 0x00000000c3800000|100%| O|  |TAMS 0x00000000c3800000, 0x00000000c3700000| Untracked 
|  34|0x00000000c3800000, 0x00000000c3900000, 0x00000000c3900000|100%| O|  |TAMS 0x00000000c3900000, 0x00000000c3800000| Untracked 
|  35|0x00000000c3900000, 0x00000000c3a00000, 0x00000000c3a00000|100%|HS|  |TAMS 0x00000000c3900000, 0x00000000c3900000| Complete 
|  36|0x00000000c3a00000, 0x00000000c3b00000, 0x00000000c3b00000|100%|HC|  |TAMS 0x00000000c3a00000, 0x00000000c3a00000| Complete 
|  37|0x00000000c3b00000, 0x00000000c3c00000, 0x00000000c3c00000|100%| O|  |TAMS 0x00000000c3b00000, 0x00000000c3b00000| Untracked 
|  38|0x00000000c3c00000, 0x00000000c3d00000, 0x00000000c3d00000|100%| O|  |TAMS 0x00000000c3c00000, 0x00000000c3c00000| Untracked 
|  39|0x00000000c3d00000, 0x00000000c3d00000, 0x00000000c3e00000|  0%| F|  |TAMS 0x00000000c3d00000, 0x00000000c3d00000| Untracked 
|  40|0x00000000c3e00000, 0x00000000c3e00000, 0x00000000c3f00000|  0%| F|  |TAMS 0x00000000c3e00000, 0x00000000c3e00000| Untracked 
|  41|0x00000000c3f00000, 0x00000000c3f00000, 0x00000000c4000000|  0%| F|  |TAMS 0x00000000c3f00000, 0x00000000c3f00000| Untracked 
|  42|0x00000000c4000000, 0x00000000c4000000, 0x00000000c4100000|  0%| F|  |TAMS 0x00000000c4000000, 0x00000000c4000000| Untracked 
|  43|0x00000000c4100000, 0x00000000c4100000, 0x00000000c4200000|  0%| F|  |TAMS 0x00000000c4100000, 0x00000000c4100000| Untracked 
|  44|0x00000000c4200000, 0x00000000c4200000, 0x00000000c4300000|  0%| F|  |TAMS 0x00000000c4200000, 0x00000000c4200000| Untracked 
|  45|0x00000000c4300000, 0x00000000c4300000, 0x00000000c4400000|  0%| F|  |TAMS 0x00000000c4300000, 0x00000000c4300000| Untracked 
|  46|0x00000000c4400000, 0x00000000c4400000, 0x00000000c4500000|  0%| F|  |TAMS 0x00000000c4400000, 0x00000000c4400000| Untracked 
|  47|0x00000000c4500000, 0x00000000c4500000, 0x00000000c4600000|  0%| F|  |TAMS 0x00000000c4500000, 0x00000000c4500000| Untracked 
|  48|0x00000000c4600000, 0x00000000c4600000, 0x00000000c4700000|  0%| F|  |TAMS 0x00000000c4600000, 0x00000000c4600000| Untracked 
|  49|0x00000000c4700000, 0x00000000c4700000, 0x00000000c4800000|  0%| F|  |TAMS 0x00000000c4700000, 0x00000000c4700000| Untracked 
|  50|0x00000000c4800000, 0x00000000c4800000, 0x00000000c4900000|  0%| F|  |TAMS 0x00000000c4800000, 0x00000000c4800000| Untracked 
|  51|0x00000000c4900000, 0x00000000c4900000, 0x00000000c4a00000|  0%| F|  |TAMS 0x00000000c4900000, 0x00000000c4900000| Untracked 
|  52|0x00000000c4a00000, 0x00000000c4a00000, 0x00000000c4b00000|  0%| F|  |TAMS 0x00000000c4a00000, 0x00000000c4a00000| Untracked 
|  53|0x00000000c4b00000, 0x00000000c4b00000, 0x00000000c4c00000|  0%| F|  |TAMS 0x00000000c4b00000, 0x00000000c4b00000| Untracked 
|  54|0x00000000c4c00000, 0x00000000c4c00000, 0x00000000c4d00000|  0%| F|  |TAMS 0x00000000c4c00000, 0x00000000c4c00000| Untracked 
|  55|0x00000000c4d00000, 0x00000000c4d00000, 0x00000000c4e00000|  0%| F|  |TAMS 0x00000000c4d00000, 0x00000000c4d00000| Untracked 
|  56|0x00000000c4e00000, 0x00000000c4e00000, 0x00000000c4f00000|  0%| F|  |TAMS 0x00000000c4e00000, 0x00000000c4e00000| Untracked 
|  57|0x00000000c4f00000, 0x00000000c4f00000, 0x00000000c5000000|  0%| F|  |TAMS 0x00000000c4f00000, 0x00000000c4f00000| Untracked 
|  58|0x00000000c5000000, 0x00000000c5000000, 0x00000000c5100000|  0%| F|  |TAMS 0x00000000c5000000, 0x00000000c5000000| Untracked 
|  59|0x00000000c5100000, 0x00000000c5100000, 0x00000000c5200000|  0%| F|  |TAMS 0x00000000c5100000, 0x00000000c5100000| Untracked 
|  60|0x00000000c5200000, 0x00000000c5200000, 0x00000000c5300000|  0%| F|  |TAMS 0x00000000c5200000, 0x00000000c5200000| Untracked 
|  61|0x00000000c5300000, 0x00000000c5300000, 0x00000000c5400000|  0%| F|  |TAMS 0x00000000c5300000, 0x00000000c5300000| Untracked 
|  62|0x00000000c5400000, 0x00000000c5400000, 0x00000000c5500000|  0%| F|  |TAMS 0x00000000c5400000, 0x00000000c5400000| Untracked 
|  63|0x00000000c5500000, 0x00000000c5500000, 0x00000000c5600000|  0%| F|  |TAMS 0x00000000c5500000, 0x00000000c5500000| Untracked 
|  64|0x00000000c5600000, 0x00000000c5600000, 0x00000000c5700000|  0%| F|  |TAMS 0x00000000c5600000, 0x00000000c5600000| Untracked 
|  65|0x00000000c5700000, 0x00000000c5700000, 0x00000000c5800000|  0%| F|  |TAMS 0x00000000c5700000, 0x00000000c5700000| Untracked 
|  66|0x00000000c5800000, 0x00000000c5800000, 0x00000000c5900000|  0%| F|  |TAMS 0x00000000c5800000, 0x00000000c5800000| Untracked 
|  67|0x00000000c5900000, 0x00000000c5900000, 0x00000000c5a00000|  0%| F|  |TAMS 0x00000000c5900000, 0x00000000c5900000| Untracked 
|  68|0x00000000c5a00000, 0x00000000c5a00000, 0x00000000c5b00000|  0%| F|  |TAMS 0x00000000c5a00000, 0x00000000c5a00000| Untracked 
|  69|0x00000000c5b00000, 0x00000000c5b00000, 0x00000000c5c00000|  0%| F|  |TAMS 0x00000000c5b00000, 0x00000000c5b00000| Untracked 
|  70|0x00000000c5c00000, 0x00000000c5c26938, 0x00000000c5d00000| 15%| S|CS|TAMS 0x00000000c5c00000, 0x00000000c5c00000| Complete 
|  71|0x00000000c5d00000, 0x00000000c5e00000, 0x00000000c5e00000|100%| S|CS|TAMS 0x00000000c5d00000, 0x00000000c5d00000| Complete 
|  72|0x00000000c5e00000, 0x00000000c5f00000, 0x00000000c5f00000|100%| S|CS|TAMS 0x00000000c5e00000, 0x00000000c5e00000| Complete 
|  73|0x00000000c5f00000, 0x00000000c5f00000, 0x00000000c6000000|  0%| F|  |TAMS 0x00000000c5f00000, 0x00000000c5f00000| Untracked 
|  74|0x00000000c6000000, 0x00000000c6000000, 0x00000000c6100000|  0%| F|  |TAMS 0x00000000c6000000, 0x00000000c6000000| Untracked 
|  75|0x00000000c6100000, 0x00000000c6100000, 0x00000000c6200000|  0%| F|  |TAMS 0x00000000c6100000, 0x00000000c6100000| Untracked 
|  76|0x00000000c6200000, 0x00000000c6200000, 0x00000000c6300000|  0%| F|  |TAMS 0x00000000c6200000, 0x00000000c6200000| Untracked 
|  77|0x00000000c6300000, 0x00000000c6300000, 0x00000000c6400000|  0%| F|  |TAMS 0x00000000c6300000, 0x00000000c6300000| Untracked 
|  78|0x00000000c6400000, 0x00000000c6400000, 0x00000000c6500000|  0%| F|  |TAMS 0x00000000c6400000, 0x00000000c6400000| Untracked 
|  79|0x00000000c6500000, 0x00000000c6500000, 0x00000000c6600000|  0%| F|  |TAMS 0x00000000c6500000, 0x00000000c6500000| Untracked 
|  80|0x00000000c6600000, 0x00000000c6600000, 0x00000000c6700000|  0%| F|  |TAMS 0x00000000c6600000, 0x00000000c6600000| Untracked 
|  81|0x00000000c6700000, 0x00000000c6700000, 0x00000000c6800000|  0%| F|  |TAMS 0x00000000c6700000, 0x00000000c6700000| Untracked 
|  82|0x00000000c6800000, 0x00000000c6800000, 0x00000000c6900000|  0%| F|  |TAMS 0x00000000c6800000, 0x00000000c6800000| Untracked 
|  83|0x00000000c6900000, 0x00000000c6900000, 0x00000000c6a00000|  0%| F|  |TAMS 0x00000000c6900000, 0x00000000c6900000| Untracked 
|  84|0x00000000c6a00000, 0x00000000c6a00000, 0x00000000c6b00000|  0%| F|  |TAMS 0x00000000c6a00000, 0x00000000c6a00000| Untracked 
|  85|0x00000000c6b00000, 0x00000000c6b86848, 0x00000000c6c00000| 52%| E|  |TAMS 0x00000000c6b00000, 0x00000000c6b00000| Complete 
|  86|0x00000000c6c00000, 0x00000000c6d00000, 0x00000000c6d00000|100%| E|  |TAMS 0x00000000c6c00000, 0x00000000c6c00000| Complete 
|  87|0x00000000c6d00000, 0x00000000c6e00000, 0x00000000c6e00000|100%| E|CS|TAMS 0x00000000c6d00000, 0x00000000c6d00000| Complete 
|  88|0x00000000c6e00000, 0x00000000c6f00000, 0x00000000c6f00000|100%| E|CS|TAMS 0x00000000c6e00000, 0x00000000c6e00000| Complete 
|  89|0x00000000c6f00000, 0x00000000c7000000, 0x00000000c7000000|100%| E|CS|TAMS 0x00000000c6f00000, 0x00000000c6f00000| Complete 
|  90|0x00000000c7000000, 0x00000000c7100000, 0x00000000c7100000|100%| E|CS|TAMS 0x00000000c7000000, 0x00000000c7000000| Complete 
|  91|0x00000000c7100000, 0x00000000c7200000, 0x00000000c7200000|100%| E|CS|TAMS 0x00000000c7100000, 0x00000000c7100000| Complete 
|  92|0x00000000c7200000, 0x00000000c7300000, 0x00000000c7300000|100%| E|CS|TAMS 0x00000000c7200000, 0x00000000c7200000| Complete 
|  93|0x00000000c7300000, 0x00000000c7400000, 0x00000000c7400000|100%| E|CS|TAMS 0x00000000c7300000, 0x00000000c7300000| Complete 

Card table byte_map: [0x000001be1bfd0000,0x000001be1c1d0000] _byte_map_base: 0x000001be1b9c5000

Marking Bits (Prev, Next): (CMBitMap*) 0x000001be04ae7998, (CMBitMap*) 0x000001be04ae79d0
 Prev Bits: [0x000001be1c3d0000, 0x000001be1d378000)
 Next Bits: [0x000001be1d380000, 0x000001be1e328000)

Polling page: 0x000001be04240000

Metaspace:

Usage:
  Non-class:     28.53 MB capacity,    27.94 MB ( 98%) used,   482.53 KB (  2%) free+waste,   122.00 KB ( <1%) overhead. 
      Class:      4.39 MB capacity,     3.95 MB ( 90%) used,   388.03 KB (  9%) free+waste,    60.13 KB (  1%) overhead. 
       Both:     32.92 MB capacity,    31.89 MB ( 97%) used,   870.56 KB (  3%) free+waste,   182.13 KB ( <1%) overhead. 

Virtual space:
  Non-class space:       30.00 MB reserved,      28.75 MB ( 96%) committed 
      Class space:        1.00 GB reserved,       4.50 MB ( <1%) committed 
             Both:        1.03 GB reserved,      33.25 MB (  3%) committed 

Chunk freelists:
   Non-Class:  3.63 KB
       Class:  0 bytes
        Both:  3.63 KB

CodeHeap 'non-profiled nmethods': size=120064Kb used=2092Kb max_used=2092Kb free=117971Kb
 bounds [0x000001be14890000, 0x000001be14b00000, 0x000001be1bdd0000]
CodeHeap 'profiled nmethods': size=120000Kb used=7705Kb max_used=7705Kb free=112294Kb
 bounds [0x000001be0d360000, 0x000001be0daf0000, 0x000001be14890000]
CodeHeap 'non-nmethods': size=5696Kb used=1464Kb max_used=1530Kb free=4231Kb
 bounds [0x000001be0cdd0000, 0x000001be0d040000, 0x000001be0d360000]
 total_blobs=5227 nmethods=3601 adapters=745
 compilation: enabled
              stopped_count=0, restarted_count=0
 full_count=0

Compilation events (10 events):
Event: 9.740 Thread 0x000001be20846800 nmethod 3356 0x000001be0da3b590 code [0x000001be0da3b760, 0x000001be0da3b970]
Event: 9.810 Thread 0x000001be20846800 3358       3       javafx.css.StyleableObjectProperty::applyStyle (11 bytes)
Event: 9.810 Thread 0x000001be20846800 nmethod 3358 0x000001be0da3ba10 code [0x000001be0da3bbe0, 0x000001be0da3be70]
Event: 9.820 Thread 0x000001be20846800 3359       3       javafx.scene.Node::invalidateLocalToSceneTransform (15 bytes)
Event: 9.820 Thread 0x000001be20846800 nmethod 3359 0x000001be0da3bf10 code [0x000001be0da3c100, 0x000001be0da3c5d0]
Event: 9.820 Thread 0x000001be20846800 3360       3       javafx.beans.binding.BooleanExpression::getValue (5 bytes)
Event: 9.821 Thread 0x000001be20846800 nmethod 3360 0x000001be0da3c790 code [0x000001be0da3c960, 0x000001be0da3cd30]
Event: 9.821 Thread 0x000001be20846800 3361       3       javafx.scene.Node::getAutomaticOrientation (5 bytes)
Event: 9.821 Thread 0x000001be20846800 nmethod 3361 0x000001be0da3ce10 code [0x000001be0da3cfc0, 0x000001be0da3d118]
Event: 9.821 Thread 0x000001be20846800 3362       3       javafx.scene.Node::addToSceneDirtyList (30 bytes)

GC Heap History (10 events):
Event: 3.251 GC heap before
{Heap before GC invocations=5 (full 0):
 garbage-first heap   total 78848K, used 43870K [0x00000000c1600000, 0x0000000100000000)
  region size 1024K, 25 young (25600K), 3 survivors (3072K)
 Metaspace       used 15811K, capacity 16319K, committed 16640K, reserved 1064960K
  class space    used 1768K, capacity 1964K, committed 2048K, reserved 1048576K
}
Event: 3.265 GC heap after
{Heap after GC invocations=6 (full 0):
 garbage-first heap   total 78848K, used 28672K [0x00000000c1600000, 0x0000000100000000)
  region size 1024K, 4 young (4096K), 4 survivors (4096K)
 Metaspace       used 15811K, capacity 16319K, committed 16640K, reserved 1064960K
  class space    used 1768K, capacity 1964K, committed 2048K, reserved 1048576K
}
Event: 3.870 GC heap before
{Heap before GC invocations=6 (full 0):
 garbage-first heap   total 78848K, used 49152K [0x00000000c1600000, 0x0000000100000000)
  region size 1024K, 24 young (24576K), 4 survivors (4096K)
 Metaspace       used 19017K, capacity 19591K, committed 19840K, reserved 1067008K
  class space    used 2119K, capacity 2350K, committed 2432K, reserved 1048576K
}
Event: 3.884 GC heap after
{Heap after GC invocations=7 (full 0):
 garbage-first heap   total 78848K, used 34816K [0x00000000c1600000, 0x0000000100000000)
  region size 1024K, 3 young (3072K), 3 survivors (3072K)
 Metaspace       used 19017K, capacity 19591K, committed 19840K, reserved 1067008K
  class space    used 2119K, capacity 2350K, committed 2432K, reserved 1048576K
}
Event: 4.676 GC heap before
{Heap before GC invocations=7 (full 0):
 garbage-first heap   total 78848K, used 36864K [0x00000000c1600000, 0x0000000100000000)
  region size 1024K, 6 young (6144K), 3 survivors (3072K)
 Metaspace       used 20630K, capacity 21175K, committed 21248K, reserved 1069056K
  class space    used 2286K, capacity 2516K, committed 2560K, reserved 1048576K
}
Event: 4.687 GC heap after
{Heap after GC invocations=8 (full 0):
 garbage-first heap   total 78848K, used 36344K [0x00000000c1600000, 0x0000000100000000)
  region size 1024K, 1 young (1024K), 1 survivors (1024K)
 Metaspace       used 20630K, capacity 21175K, committed 21248K, reserved 1069056K
  class space    used 2286K, capacity 2516K, committed 2560K, reserved 1048576K
}
Event: 6.248 GC heap before
{Heap before GC invocations=9 (full 0):
 garbage-first heap   total 78848K, used 48632K [0x00000000c1600000, 0x0000000100000000)
  region size 1024K, 14 young (14336K), 1 survivors (1024K)
 Metaspace       used 25639K, capacity 26338K, committed 26624K, reserved 1073152K
  class space    used 3005K, capacity 3285K, committed 3328K, reserved 1048576K
}
Event: 6.254 GC heap after
{Heap after GC invocations=10 (full 0):
 garbage-first heap   total 96256K, used 37888K [0x00000000c1600000, 0x0000000100000000)
  region size 1024K, 2 young (2048K), 2 survivors (2048K)
 Metaspace       used 25639K, capacity 26338K, committed 26624K, reserved 1073152K
  class space    used 3005K, capacity 3285K, committed 3328K, reserved 1048576K
}
Event: 8.446 GC heap before
{Heap before GC invocations=11 (full 0):
 garbage-first heap   total 96256K, used 61440K [0x00000000c1600000, 0x0000000100000000)
  region size 1024K, 23 young (23552K), 2 survivors (2048K)
 Metaspace       used 30816K, capacity 31884K, committed 32128K, reserved 1077248K
  class space    used 3746K, capacity 4158K, committed 4224K, reserved 1048576K
}
Event: 8.453 GC heap after
{Heap after GC invocations=12 (full 0):
 garbage-first heap   total 96256K, used 42138K [0x00000000c1600000, 0x0000000100000000)
  region size 1024K, 3 young (3072K), 3 survivors (3072K)
 Metaspace       used 30816K, capacity 31884K, committed 32128K, reserved 1077248K
  class space    used 3746K, capacity 4158K, committed 4224K, reserved 1048576K
}

Deoptimization events (10 events):
Event: 6.735 Thread 0x000001be22906800 Uncommon trap: reason=class_check action=maybe_recompile pc=0x000001be149c0a48 method=java.lang.String.equals(Ljava/lang/Object;)Z @ 8 c2
Event: 6.735 Thread 0x000001be22906800 Uncommon trap: reason=class_check action=maybe_recompile pc=0x000001be149c0a48 method=java.lang.String.equals(Ljava/lang/Object;)Z @ 8 c2
Event: 6.737 Thread 0x000001be22906800 Uncommon trap: reason=class_check action=maybe_recompile pc=0x000001be149c0a48 method=java.lang.String.equals(Ljava/lang/Object;)Z @ 8 c2
Event: 6.863 Thread 0x000001be22906800 Uncommon trap: reason=unstable_if action=reinterpret pc=0x000001be1498ca60 method=java.util.ArrayList.indexOfRange(Ljava/lang/Object;II)I @ 7 c2
Event: 6.882 Thread 0x000001be22906800 Uncommon trap: reason=unstable_if action=reinterpret pc=0x000001be149b8bd0 method=java.lang.ClassLoader.checkName(Ljava/lang/String;)Z @ 20 c2
Event: 6.979 Thread 0x000001be22906800 Uncommon trap: reason=unstable_if action=reinterpret pc=0x000001be148ef818 method=java.util.HashMap.hash(Ljava/lang/Object;)I @ 1 c2
Event: 6.979 Thread 0x000001be22906800 Uncommon trap: reason=unstable_if action=reinterpret pc=0x000001be14952f14 method=java.util.HashMap.hash(Ljava/lang/Object;)I @ 1 c2
Event: 7.127 Thread 0x000001be22906800 Uncommon trap: reason=unstable_if action=reinterpret pc=0x000001be149c2bb8 method=sun.net.www.ParseUtil.firstEncodeIndex(Ljava/lang/String;)I @ 51 c2
Event: 7.156 Thread 0x000001be22906800 Uncommon trap: reason=unstable_if action=reinterpret pc=0x000001be149e3d54 method=com.sun.javafx.css.BitSet.add(Ljava/lang/Object;)Z @ 91 c2
Event: 7.942 Thread 0x000001be21d57000 Uncommon trap: reason=unstable_if action=reinterpret pc=0x000001be14a1a778 method=com.sun.marlin.DRenderer.addLine(DDDD)V @ 196 c2

Classes redefined (0 events):
No events

Internal exceptions (10 events):
Event: 6.763 Thread 0x000001be22906800 Exception <a 'java/lang/IncompatibleClassChangeError'{0x00000000c702cf50}: Found class java.lang.Object, but interface was expected> (0x00000000c702cf50) thrown at [t:/workspace/open/src/hotspot/share/interpreter/linkResolver.cpp, line 838]
Event: 6.841 Thread 0x000001be22906800 Exception <a 'java/lang/NoSuchMethodError'{0x00000000c6fc64a0}: java.lang.invoke.DirectMethodHandle$Holder.invokeSpecial(Ljava/lang/Object;Ljava/lang/Object;Ljava/lang/Object;Ljava/lang/Object;)V> (0x00000000c6fc64a0) thrown at [t:/workspace/open/src/hots
Event: 6.863 Thread 0x000001be22906800 Implicit null exception at 0x000001be1498c27e to 0x000001be1498ca3e
Event: 6.867 Thread 0x000001be22906800 Exception <a 'java/lang/NoSuchMethodError'{0x00000000c6e2cc88}: java.lang.invoke.DirectMethodHandle$Holder.invokeSpecialIFC(Ljava/lang/Object;Ljava/lang/Object;Ljava/lang/Object;Ljava/lang/Object;)V> (0x00000000c6e2cc88) thrown at [t:/workspace/open/src/h
Event: 6.979 Thread 0x000001be22906800 Implicit null exception at 0x000001be148ef396 to 0x000001be148ef806
Event: 6.979 Thread 0x000001be22906800 Implicit null exception at 0x000001be14952e78 to 0x000001be14952f0a
Event: 7.992 Thread 0x000001be22906800 Exception <a 'java/lang/NoSuchMethodError'{0x00000000c6747998}: java.lang.invoke.DirectMethodHandle$Holder.invokeStatic(Ljava/lang/Object;Ljava/lang/Object;Ljava/lang/Object;Ljava/lang/Object;Ljava/lang/Object;Ljava/lang/Object;Ljava/lang/Object;Ljava/lan
Event: 7.995 Thread 0x000001be22906800 Exception <a 'java/lang/NoSuchMethodError'{0x00000000c67540d8}: java.lang.invoke.DirectMethodHandle$Holder.invokeStatic(Ljava/lang/Object;Ljava/lang/Object;Ljava/lang/Object;Ljava/lang/Object;Ljava/lang/Object;Ljava/lang/Object;Ljava/lang/Object;Ljava/lan
Event: 7.997 Thread 0x000001be22906800 Exception <a 'java/lang/NoSuchMethodError'{0x00000000c6760c00}: java.lang.invoke.DirectMethodHandle$Holder.invokeStatic(Ljava/lang/Object;Ljava/lang/Object;Ljava/lang/Object;Ljava/lang/Object;Ljava/lang/Object;Ljava/lang/Object;Ljava/lang/Object;Ljava/lan
Event: 9.773 Thread 0x000001be22906800 Exception <a 'java/lang/NoSuchMethodError'{0x00000000c70043f0}: java.lang.invoke.DirectMethodHandle$Holder.invokeSpecial(Ljava/lang/Object;Ljava/lang/Object;Ljava/lang/Object;Ljava/lang/Object;Ljava/lang/Object;Ljava/lang/Object;)V> (0x00000000c70043f0) t

Events (10 events):
Event: 9.819 loading class javafx/scene/chart/XYChart
Event: 9.819 loading class javafx/scene/chart/XYChart done
Event: 9.819 loading class javafx/beans/value/ObservableValue
Event: 9.819 loading class javafx/beans/value/ObservableValue done
Event: 9.819 loading class javafx/scene/chart/XYChart
Event: 9.819 loading class javafx/scene/chart/XYChart done
Event: 9.820 loading class javafx/beans/value/ObservableValue
Event: 9.820 loading class javafx/beans/value/ObservableValue done
Event: 9.820 loading class javafx/scene/chart/XYChart
Event: 9.820 loading class javafx/scene/chart/XYChart done


Dynamic libraries:
0x00007ff7ffdf0000 - 0x00007ff7ffe35000 	C:\Program Files\BlueJ\jdk\bin\java.exe
0x00007ff9c1680000 - 0x00007ff9c1870000 	C:\WINDOWS\SYSTEM32\ntdll.dll
0x00007ff9c0900000 - 0x00007ff9c09b2000 	C:\WINDOWS\System32\KERNEL32.DLL
0x00007ff9beb10000 - 0x00007ff9bedb3000 	C:\WINDOWS\System32\KERNELBASE.dll
0x00007ff9c09c0000 - 0x00007ff9c0b54000 	C:\WINDOWS\System32\USER32.dll
0x00007ff9be800000 - 0x00007ff9be821000 	C:\WINDOWS\System32\win32u.dll
0x00007ff9c07c0000 - 0x00007ff9c07e6000 	C:\WINDOWS\System32\GDI32.dll
0x00007ff9be660000 - 0x00007ff9be7f4000 	C:\WINDOWS\System32\gdi32full.dll
0x00007ff9beec0000 - 0x00007ff9bef5e000 	C:\WINDOWS\System32\msvcp_win.dll
0x00007ff9bedc0000 - 0x00007ff9beeba000 	C:\WINDOWS\System32\ucrtbase.dll
0x00007ff9a9570000 - 0x00007ff9a97f5000 	C:\WINDOWS\WinSxS\amd64_microsoft.windows.common-controls_6595b64144ccf1df_6.0.18362.657_none_e6c5b579130e3898\COMCTL32.dll
0x00007ff9c01e0000 - 0x00007ff9c027e000 	C:\WINDOWS\System32\msvcrt.dll
0x00007ff9bf730000 - 0x00007ff9bfa66000 	C:\WINDOWS\System32\combase.dll
0x00007ff9c1520000 - 0x00007ff9c1640000 	C:\WINDOWS\System32\RPCRT4.dll
0x00007ff9bea90000 - 0x00007ff9beb10000 	C:\WINDOWS\System32\bcryptPrimitives.dll
0x00007ff9c0bd0000 - 0x00007ff9c0bfe000 	C:\WINDOWS\System32\IMM32.DLL
0x00007ff9ac420000 - 0x00007ff9ac436000 	C:\Program Files\BlueJ\jdk\bin\vcruntime140.dll
0x00007ff993e70000 - 0x00007ff993f1a000 	C:\Program Files\BlueJ\jdk\bin\msvcp140.dll
0x00007ff97f3c0000 - 0x00007ff97fee3000 	C:\Program Files\BlueJ\jdk\bin\server\jvm.dll
0x00007ff9c0710000 - 0x00007ff9c07b3000 	C:\WINDOWS\System32\ADVAPI32.dll
0x00007ff9c0800000 - 0x00007ff9c0897000 	C:\WINDOWS\System32\sechost.dll
0x00007ff9c07f0000 - 0x00007ff9c07f8000 	C:\WINDOWS\System32\PSAPI.DLL
0x00007ff9ac300000 - 0x00007ff9ac309000 	C:\WINDOWS\SYSTEM32\WSOCK32.dll
0x00007ff9bbea0000 - 0x00007ff9bbec4000 	C:\WINDOWS\SYSTEM32\WINMM.dll
0x00007ff9c0b60000 - 0x00007ff9c0bcf000 	C:\WINDOWS\System32\WS2_32.dll
0x00007ff9b5dc0000 - 0x00007ff9b5dca000 	C:\WINDOWS\SYSTEM32\VERSION.dll
0x00007ff9bbe70000 - 0x00007ff9bbe9d000 	C:\WINDOWS\SYSTEM32\winmmbase.dll
0x00007ff9be610000 - 0x00007ff9be65a000 	C:\WINDOWS\System32\cfgmgr32.dll
0x00007ff9be5a0000 - 0x00007ff9be5b1000 	C:\WINDOWS\System32\kernel.appcore.dll
0x00007ff99dc50000 - 0x00007ff99dc61000 	C:\Program Files\BlueJ\jdk\bin\verify.dll
0x00007ff9bce80000 - 0x00007ff9bd074000 	C:\WINDOWS\SYSTEM32\DBGHELP.DLL
0x00007ff9ad2c0000 - 0x00007ff9ad2ea000 	C:\WINDOWS\SYSTEM32\dbgcore.DLL
0x00007ff9993e0000 - 0x00007ff999408000 	C:\Program Files\BlueJ\jdk\bin\java.dll
0x00007ff9a89f0000 - 0x00007ff9a8a27000 	C:\Program Files\BlueJ\jdk\bin\jdwp.dll
0x00007ff9993c0000 - 0x00007ff9993d6000 	C:\Program Files\BlueJ\jdk\bin\zip.dll
0x00007ff9ac2f0000 - 0x00007ff9ac2fa000 	C:\Program Files\BlueJ\jdk\bin\jimage.dll
0x00007ff9bfa70000 - 0x00007ff9c0155000 	C:\WINDOWS\System32\SHELL32.dll
0x00007ff9c0660000 - 0x00007ff9c0709000 	C:\WINDOWS\System32\shcore.dll
0x00007ff9bef90000 - 0x00007ff9bf70f000 	C:\WINDOWS\System32\windows.storage.dll
0x00007ff9be560000 - 0x00007ff9be57f000 	C:\WINDOWS\System32\profapi.dll
0x00007ff9be5c0000 - 0x00007ff9be60a000 	C:\WINDOWS\System32\powrprof.dll
0x00007ff9be550000 - 0x00007ff9be560000 	C:\WINDOWS\System32\UMPDC.dll
0x00007ff9c02e0000 - 0x00007ff9c0332000 	C:\WINDOWS\System32\shlwapi.dll
0x00007ff9bf710000 - 0x00007ff9bf727000 	C:\WINDOWS\System32\cryptsp.dll
0x00007ff9bc3f0000 - 0x00007ff9bc3fa000 	C:\Program Files\BlueJ\jdk\bin\dt_socket.dll
0x00007ff9bdd60000 - 0x00007ff9bddc7000 	C:\WINDOWS\system32\mswsock.dll
0x00007ff99df60000 - 0x00007ff99df79000 	C:\Program Files\BlueJ\jdk\bin\net.dll
0x00007ff9b13b0000 - 0x00007ff9b14a0000 	C:\WINDOWS\SYSTEM32\WINHTTP.dll
0x00007ff9aeb70000 - 0x00007ff9aed46000 	C:\WINDOWS\SYSTEM32\urlmon.dll
0x00007ff9aeec0000 - 0x00007ff9af166000 	C:\WINDOWS\SYSTEM32\iertutil.dll
0x00007ff9bdf30000 - 0x00007ff9bdf3c000 	C:\WINDOWS\SYSTEM32\CRYPTBASE.DLL
0x00007ff99cfa0000 - 0x00007ff99cfb3000 	C:\Program Files\BlueJ\jdk\bin\nio.dll
0x00007ff98eab0000 - 0x00007ff98ec4e000 	C:\Program Files\BlueJ\jdk\bin\awt.dll
0x00007ff9c1450000 - 0x00007ff9c1514000 	C:\WINDOWS\System32\OLEAUT32.dll
0x00007ff9ba920000 - 0x00007ff9baee0000 	C:\WINDOWS\SYSTEM32\d2d1.dll
0x00007ff9bc460000 - 0x00007ff9bc4ef000 	C:\WINDOWS\SYSTEM32\apphelp.dll
0x00007ff9bc790000 - 0x00007ff9bc829000 	C:\WINDOWS\system32\uxtheme.dll
0x00007ff9c0510000 - 0x00007ff9c0645000 	C:\WINDOWS\System32\MSCTF.dll
0x00007ff9c0340000 - 0x00007ff9c0496000 	C:\WINDOWS\System32\ole32.dll
0x000001be04a20000 - 0x000001be04a23000 	C:\Program Files\BlueJ\lib\javafx\bin\api-ms-win-core-console-l1-1-0.dll
0x000001be04a30000 - 0x000001be04a33000 	C:\Program Files\BlueJ\lib\javafx\bin\api-ms-win-core-datetime-l1-1-0.dll
0x000001be04a40000 - 0x000001be04a43000 	C:\Program Files\BlueJ\lib\javafx\bin\api-ms-win-core-debug-l1-1-0.dll
0x000001be04a50000 - 0x000001be04a53000 	C:\Program Files\BlueJ\lib\javafx\bin\api-ms-win-core-errorhandling-l1-1-0.dll
0x000001be04a60000 - 0x000001be04a64000 	C:\Program Files\BlueJ\lib\javafx\bin\api-ms-win-core-file-l1-1-0.dll
0x000001be04a70000 - 0x000001be04a73000 	C:\Program Files\BlueJ\lib\javafx\bin\api-ms-win-core-file-l1-2-0.dll
0x000001be04a80000 - 0x000001be04a83000 	C:\Program Files\BlueJ\lib\javafx\bin\api-ms-win-core-file-l2-1-0.dll
0x000001be21f90000 - 0x000001be21f93000 	C:\Program Files\BlueJ\lib\javafx\bin\api-ms-win-core-handle-l1-1-0.dll
0x000001be21fa0000 - 0x000001be21fa3000 	C:\Program Files\BlueJ\lib\javafx\bin\api-ms-win-core-heap-l1-1-0.dll
0x000001be21fb0000 - 0x000001be21fb3000 	C:\Program Files\BlueJ\lib\javafx\bin\api-ms-win-core-interlocked-l1-1-0.dll
0x000001be21fc0000 - 0x000001be21fc3000 	C:\Program Files\BlueJ\lib\javafx\bin\api-ms-win-core-libraryloader-l1-1-0.dll
0x000001be21fd0000 - 0x000001be21fd3000 	C:\Program Files\BlueJ\lib\javafx\bin\api-ms-win-core-localization-l1-2-0.dll
0x000001be232c0000 - 0x000001be232c3000 	C:\Program Files\BlueJ\lib\javafx\bin\api-ms-win-core-memory-l1-1-0.dll
0x000001be232d0000 - 0x000001be232d3000 	C:\Program Files\BlueJ\lib\javafx\bin\api-ms-win-core-namedpipe-l1-1-0.dll
0x000001be232e0000 - 0x000001be232e3000 	C:\Program Files\BlueJ\lib\javafx\bin\api-ms-win-core-processenvironment-l1-1-0.dll
0x000001be232f0000 - 0x000001be232f3000 	C:\Program Files\BlueJ\lib\javafx\bin\api-ms-win-core-processthreads-l1-1-0.dll
0x000001be23300000 - 0x000001be23303000 	C:\Program Files\BlueJ\lib\javafx\bin\api-ms-win-core-processthreads-l1-1-1.dll
0x000001be23310000 - 0x000001be23313000 	C:\Program Files\BlueJ\lib\javafx\bin\api-ms-win-core-profile-l1-1-0.dll
0x000001be23320000 - 0x000001be23323000 	C:\Program Files\BlueJ\lib\javafx\bin\api-ms-win-core-rtlsupport-l1-1-0.dll
0x000001be23330000 - 0x000001be23333000 	C:\Program Files\BlueJ\lib\javafx\bin\api-ms-win-core-string-l1-1-0.dll
0x000001be23340000 - 0x000001be23343000 	C:\Program Files\BlueJ\lib\javafx\bin\api-ms-win-core-synch-l1-1-0.dll
0x000001be23350000 - 0x000001be23353000 	C:\Program Files\BlueJ\lib\javafx\bin\api-ms-win-core-synch-l1-2-0.dll
0x000001be23360000 - 0x000001be23363000 	C:\Program Files\BlueJ\lib\javafx\bin\api-ms-win-core-sysinfo-l1-1-0.dll
0x000001be23370000 - 0x000001be23373000 	C:\Program Files\BlueJ\lib\javafx\bin\api-ms-win-core-timezone-l1-1-0.dll
0x000001be23380000 - 0x000001be23383000 	C:\Program Files\BlueJ\lib\javafx\bin\api-ms-win-core-util-l1-1-0.dll
0x000001be23390000 - 0x000001be23393000 	C:\Program Files\BlueJ\lib\javafx\bin\api-ms-win-crt-conio-l1-1-0.dll
0x000001be235e0000 - 0x000001be235e4000 	C:\Program Files\BlueJ\lib\javafx\bin\api-ms-win-crt-convert-l1-1-0.dll
0x000001be235f0000 - 0x000001be235f3000 	C:\Program Files\BlueJ\lib\javafx\bin\api-ms-win-crt-environment-l1-1-0.dll
0x000001be23600000 - 0x000001be23603000 	C:\Program Files\BlueJ\lib\javafx\bin\api-ms-win-crt-filesystem-l1-1-0.dll
0x000001be23610000 - 0x000001be23613000 	C:\Program Files\BlueJ\lib\javafx\bin\api-ms-win-crt-heap-l1-1-0.dll
0x000001be23620000 - 0x000001be23623000 	C:\Program Files\BlueJ\lib\javafx\bin\api-ms-win-crt-locale-l1-1-0.dll
0x000001be23630000 - 0x000001be23635000 	C:\Program Files\BlueJ\lib\javafx\bin\api-ms-win-crt-math-l1-1-0.dll
0x000001be23640000 - 0x000001be23645000 	C:\Program Files\BlueJ\lib\javafx\bin\api-ms-win-crt-multibyte-l1-1-0.dll
0x000001be23650000 - 0x000001be23660000 	C:\Program Files\BlueJ\lib\javafx\bin\api-ms-win-crt-private-l1-1-0.dll
0x000001be23660000 - 0x000001be23663000 	C:\Program Files\BlueJ\lib\javafx\bin\api-ms-win-crt-process-l1-1-0.dll
0x000001be233a0000 - 0x000001be233a4000 	C:\Program Files\BlueJ\lib\javafx\bin\api-ms-win-crt-runtime-l1-1-0.dll
0x000001be233b0000 - 0x000001be233b4000 	C:\Program Files\BlueJ\lib\javafx\bin\api-ms-win-crt-stdio-l1-1-0.dll
0x000001be233c0000 - 0x000001be233c4000 	C:\Program Files\BlueJ\lib\javafx\bin\api-ms-win-crt-string-l1-1-0.dll
0x000001be233d0000 - 0x000001be233d3000 	C:\Program Files\BlueJ\lib\javafx\bin\api-ms-win-crt-time-l1-1-0.dll
0x000001be233e0000 - 0x000001be233e3000 	C:\Program Files\BlueJ\lib\javafx\bin\api-ms-win-crt-utility-l1-1-0.dll
0x00007ff98eff0000 - 0x00007ff98f0ea000 	C:\Program Files\BlueJ\lib\javafx\bin\ucrtbase.dll
0x00007ff99cf80000 - 0x00007ff99cf96000 	C:\Program Files\BlueJ\lib\javafx\bin\vcruntime140.dll
0x00007ff999490000 - 0x00007ff999536000 	C:\Program Files\BlueJ\lib\javafx\bin\msvcp140.dll
0x00007ff998e70000 - 0x00007ff998ec1000 	C:\Program Files\BlueJ\lib\javafx\bin\concrt140.dll
0x00007ff9998a0000 - 0x00007ff9998c3000 	C:\Program Files\BlueJ\lib\javafx\bin\prism_d3d.dll
0x00007ff98ee20000 - 0x00007ff98efe7000 	C:\WINDOWS\system32\d3d9.dll
0x00007ff9bc880000 - 0x00007ff9bc8ad000 	C:\WINDOWS\SYSTEM32\dwmapi.dll
0x00007ff9bd1c0000 - 0x00007ff9bd1e0000 	C:\WINDOWS\SYSTEM32\dxcore.dll
0x00007ff98ec50000 - 0x00007ff98ee11000 	C:\WINDOWS\System32\DriverStore\FileRepository\ki131411.inf_amd64_479b4f09b66d821c\igdumdim64.dll
0x00007ff9b44b0000 - 0x00007ff9b45ca000 	C:\WINDOWS\System32\DriverStore\FileRepository\ki131411.inf_amd64_479b4f09b66d821c\igdgmm64.dll
0x00007ff967c40000 - 0x00007ff96b5c2000 	C:\WINDOWS\System32\DriverStore\FileRepository\ki131411.inf_amd64_479b4f09b66d821c\igd9dxva64.dll
0x00007ff998e20000 - 0x00007ff998e65000 	C:\Program Files\BlueJ\lib\javafx\bin\glass.dll
0x00007ff9c0d40000 - 0x00007ff9c0e10000 	C:\WINDOWS\System32\COMDLG32.dll
0x00007ff9bc3b0000 - 0x00007ff9bc3d1000 	C:\WINDOWS\System32\DriverStore\FileRepository\ki131411.inf_amd64_479b4f09b66d821c\igdinfo64.dll
0x00007ff9b24e0000 - 0x00007ff9b44a5000 	C:\WINDOWS\System32\DriverStore\FileRepository\ki131411.inf_amd64_479b4f09b66d821c\igc64.dll
0x00007ff99c950000 - 0x00007ff99c964000 	C:\Program Files\BlueJ\lib\javafx\bin\javafx_font.dll
0x00007ff9ae870000 - 0x00007ff9aeb6e000 	C:\WINDOWS\SYSTEM32\dwrite.dll
0x00007ff9b81d0000 - 0x00007ff9b81dd000 	C:\Program Files\BlueJ\jdk\bin\sunmscapi.dll
0x00007ff9be8e0000 - 0x00007ff9bea29000 	C:\WINDOWS\System32\CRYPT32.dll
0x00007ff9be580000 - 0x00007ff9be592000 	C:\WINDOWS\System32\MSASN1.dll
0x00007ff9be030000 - 0x00007ff9be056000 	C:\WINDOWS\SYSTEM32\ncrypt.dll
0x00007ff9bef60000 - 0x00007ff9bef86000 	C:\WINDOWS\System32\bcrypt.dll
0x00007ff9bdff0000 - 0x00007ff9be02b000 	C:\WINDOWS\SYSTEM32\NTASN1.dll
0x00007ff998040000 - 0x00007ff998067000 	C:\Program Files\BlueJ\jdk\bin\sunec.dll
0x00007ff9bd8d0000 - 0x00007ff9bd903000 	C:\WINDOWS\system32\rsaenh.dll
0x00007ff9be470000 - 0x00007ff9be495000 	C:\WINDOWS\SYSTEM32\USERENV.dll
0x00007ff9bda70000 - 0x00007ff9bdaaa000 	C:\WINDOWS\SYSTEM32\IPHLPAPI.DLL
0x00007ff9c0650000 - 0x00007ff9c0658000 	C:\WINDOWS\System32\NSI.dll
0x00007ff9b9590000 - 0x00007ff9b95a6000 	C:\WINDOWS\SYSTEM32\dhcpcsvc6.DLL

dbghelp: loaded successfully - version: 4.0.5 - missing functions: none
symbol engine: initialized successfully - sym options: 0x614 - pdb path: .;C:\Program Files\BlueJ\jdk\bin;C:\WINDOWS\SYSTEM32;C:\WINDOWS\WinSxS\amd64_microsoft.windows.common-controls_6595b64144ccf1df_6.0.18362.657_none_e6c5b579130e3898;C:\Program Files\BlueJ\jdk\bin\server;C:\Program Files\BlueJ\lib\javafx\bin;C:\WINDOWS\System32\DriverStore\FileRepository\ki131411.inf_amd64_479b4f09b66d821c;C:\Program Files\Common Files\Microsoft Shared\Ink

VM Arguments:
jvm_args: -ea -agentlib:jdwp=transport=dt_socket,address=127.0.0.1:59020 -Dfile.encoding=UTF-8 
java_command: bluej.runtime.ExecServer UTF-8
java_class_path (initial): C:\Program Files\BlueJ\lib\bluejcore.jar;C:\Program Files\BlueJ\lib\junit-4.11.jar;C:\Program Files\BlueJ\lib\hamcrest-core-1.3.jar;C:\Program Files\BlueJ\lib\lang-stride.jar;C:\Program Files\BlueJ\lib\javafx\lib\javafx.base.jar;C:\Program Files\BlueJ\lib\javafx\lib\javafx.controls.jar;C:\Program Files\BlueJ\lib\javafx\lib\javafx.fxml.jar;C:\Program Files\BlueJ\lib\javafx\lib\javafx.graphics.jar;C:\Program Files\BlueJ\lib\javafx\lib\javafx.media.jar;C:\Program Files\BlueJ\lib\javafx\lib\javafx.properties.jar;C:\Program Files\BlueJ\lib\javafx\lib\javafx.swing.jar;C:\Program Files\BlueJ\lib\javafx\lib\javafx.web.jar;C:\Program Files\BlueJ\lib\javafx\lib\javafx.base.jar;C:\Program Files\BlueJ\lib\javafx\lib\javafx.controls.jar;C:\Program Files\BlueJ\lib\javafx\lib\javafx.fxml.jar;C:\Program Files\BlueJ\lib\javafx\lib\javafx.graphics.jar;C:\Program Files\BlueJ\lib\javafx\lib\javafx.media.jar;C:\Program Files\BlueJ\lib\javafx\lib\javafx.properties.jar;C:\Program Files\BlueJ\lib\javafx\lib\javafx.swing.jar;C:\Program Files\BlueJ\lib\javafx\lib\javafx.web.jar;C:\Users\Ali Asif\PPA4-copy-copy-copy\+libs\commons-beanutils-1.9.4.jar;C:\Users\Ali Asif\PPA4-copy-copy-copy\+libs\commons-collections4-4.4.jar;C:\Users\Ali Asif\PPA4-copy-copy-copy\+libs\commons-lang3-3.7.jar;C:\Users\Ali Asif\PPA4-copy-copy-copy\+libs\commons-text-1.2.jar;C:\Users\Ali Asif\PPA4-copy-copy-copy\+libs\jsoup-1.13.1-javadoc.jar;C:\Users\Ali Asif\PPA4-copy-copy-copy\+libs\jsoup-1.13.1.jar;C:\Users\Ali Asif\PPA4-copy-copy-copy\+libs\opencsv-4.1.jar
Launcher Type: SUN_STANDARD

[Global flags]
     intx CICompilerCount                          = 3                                         {product} {ergonomic}
     uint ConcGCThreads                            = 1                                         {product} {ergonomic}
     uint G1ConcRefinementThreads                  = 4                                         {product} {ergonomic}
   size_t G1HeapRegionSize                         = 1048576                                   {product} {ergonomic}
    uintx GCDrainStackTargetSize                   = 64                                        {product} {ergonomic}
   size_t InitialHeapSize                          = 67108864                                  {product} {ergonomic}
   size_t MarkStackSize                            = 4194304                                   {product} {ergonomic}
   size_t MaxHeapSize                              = 1050673152                                {product} {ergonomic}
   size_t MaxNewSize                               = 630194176                                 {product} {ergonomic}
   size_t MinHeapDeltaBytes                        = 1048576                                   {product} {ergonomic}
    uintx NonNMethodCodeHeapSize                   = 5830092                                {pd product} {ergonomic}
    uintx NonProfiledCodeHeapSize                  = 122914074                              {pd product} {ergonomic}
    uintx ProfiledCodeHeapSize                     = 122914074                              {pd product} {ergonomic}
    uintx ReservedCodeCacheSize                    = 251658240                              {pd product} {ergonomic}
     bool SegmentedCodeCache                       = true                                      {product} {ergonomic}
     bool UseCompressedClassPointers               = true                                 {lp64_product} {ergonomic}
     bool UseCompressedOops                        = true                                 {lp64_product} {ergonomic}
     bool UseG1GC                                  = true                                      {product} {ergonomic}
     bool UseLargePagesIndividualAllocation        = false                                  {pd product} {ergonomic}

Logging:
Log output configuration:
 #0: stdout all=warning uptime,level,tags
 #1: stderr all=off uptime,level,tags

Environment Variables:
PATH=C:\WinAVR-20100110\bin;C:\WinAVR-20100110\utils\bin;C:\Program Files (x86)\Intel\Intel(R) Management Engine Components\iCLS\;C:\Program Files\Intel\Intel(R) Management Engine Components\iCLS\;C:\WINDOWS\system32;C:\WINDOWS;C:\WINDOWS\System32\Wbem;C:\WINDOWS\System32\WindowsPowerShell\v1.0\;C:\Program Files (x86)\Intel\Intel(R) Management Engine Components\DAL;C:\Program Files\Intel\Intel(R) Management Engine Components\DAL;C:\Program Files (x86)\Intel\Intel(R) Management Engine Components\IPT;C:\Program Files\Intel\Intel(R) Management Engine Components\IPT;C:\WINDOWS\System32\OpenSSH\;C:\Program Files\PuTTY\;C:\Users\Ali Asif\AppData\Local\Programs\Python\Python37-32\Scripts\;C:\Users\Ali Asif\AppData\Local\Programs\Python\Python37-32\;C:\Users\Ali Asif\AppData\Local\Microsoft\WindowsApps;C:\Program Files\JetBrains\IntelliJ IDEA 2019.2.4\bin
USERNAME=Ali Asif
OS=Windows_NT
PROCESSOR_IDENTIFIER=Intel64 Family 6 Model 142 Stepping 10, GenuineIntel



---------------  S Y S T E M  ---------------

OS: Windows 10 , 64 bit Build 18362 (10.0.18362.329)

CPU:total 4 (initial active 4) (2 cores per cpu, 2 threads per core) family 6 model 142 stepping 10, cmov, cx8, fxsr, mmx, sse, sse2, sse3, ssse3, sse4.1, sse4.2, popcnt, avx, avx2, aes, clmul, erms, 3dnowpref, lzcnt, ht, tsc, tscinvbit, bmi1, bmi2, adx, fma

Memory: 4k page, system-wide physical 4007M (314M free)
TotalPageFile size 6807M (AvailPageFile size 4M)
current process WorkingSet (physical memory assigned to process): 265M, peak: 267M
current process commit charge ("private bytes"): 296M, peak: 298M

vm_info: OpenJDK 64-Bit Server VM (11.0.2+9) for windows-amd64 JRE (11.0.2+9), built on Jan 18 2019 05:23:22 by "mach5one" with MS VC++ 15.5 (VS2017)

END.
