#
# There is insufficient memory for the Java Runtime Environment to continue.
# Native memory allocation (mmap) failed to map 16777216 bytes for Failed to commit area from 0x00000000c6300000 to 0x00000000c7300000 of length 16777216.
# Possible reasons:
#   The system is out of physical RAM or swap space
#   The process is running with CompressedOops enabled, and the Java Heap may be blocking the growth of the native heap
# Possible solutions:
#   Reduce memory load on the system
#   Increase physical memory or swap space
#   Check if swap backing store is full
#   Decrease Java heap size (-Xmx/-Xms)
#   Decrease number of Java threads
#   Decrease Java thread stack sizes (-Xss)
#   Set larger code cache with -XX:ReservedCodeCacheSize=
#   JVM is running with Unscaled Compressed Oops mode in which the Java heap is
#     placed in the first 4GB address space. The Java Heap base address is the
#     maximum limit for the native heap growth. Please use -XX:HeapBaseMinAddress
#     to set the Java Heap base and to place the Java Heap above 4GB virtual address.
# This output file may be truncated or incomplete.
#
#  Out of Memory Error (t:/workspace/open/src/hotspot/os/windows/os_windows.cpp:3269), pid=137916, tid=132900
#
# JRE version: OpenJDK Runtime Environment (11.0.2+9) (build 11.0.2+9)
# Java VM: OpenJDK 64-Bit Server VM (11.0.2+9, mixed mode, tiered, compressed oops, g1 gc, windows-amd64)
# No core dump will be written. Minidumps are not enabled by default on client versions of Windows
#

---------------  S U M M A R Y ------------

Command Line: -ea -agentlib:jdwp=transport=dt_socket,address=127.0.0.1:63548 -Dfile.encoding=UTF-8 bluej.runtime.ExecServer UTF-8

Host: Intel(R) Core(TM) i3-7020U CPU @ 2.30GHz, 4 cores, 3G,  Windows 10 , 64 bit Build 18362 (10.0.18362.329)
Time: Wed Mar 25 11:04:58 2020 GMT Standard Time elapsed time: 19 seconds (0d 0h 0m 19s)

---------------  T H R E A D  ---------------

Current thread (0x0000020229cc9800):  VMThread "VM Thread" [stack: 0x00000078dd100000,0x00000078dd200000] [id=132900]

Stack: [0x00000078dd100000,0x00000078dd200000]
[error occurred during error reporting (printing stack bounds), id 0xc0000005, EXCEPTION_ACCESS_VIOLATION (0xc0000005) at pc=0x00000202162f0bad]

Native frames: (J=compiled Java code, j=interpreted, Vv=VM code, C=native code)
V  [jvm.dll+0x63489a]
V  [jvm.dll+0x771f9f]
V  [jvm.dll+0x773648]
V  [jvm.dll+0x773c65]
V  [jvm.dll+0x773c1b]
V  [jvm.dll+0x633fa6]
V  [jvm.dll+0x634368]
C  [ntdll.dll+0xa121f]
C  [ntdll.dll+0x6a289]
C  [ntdll.dll+0x9fe8e]
C  0x00000202162f0bad

VM_Operation (0x00000078de7fd010): G1CollectForAllocation, mode: safepoint, requested by thread 0x000002022b0b9000


---------------  P R O C E S S  ---------------

Threads class SMR info:
_java_thread_list=0x000002022c5e1040, length=25, elements={
0x0000020229cee800, 0x0000020229cf8000, 0x0000020229d57800, 0x0000020229d58800,
0x0000020229d5b800, 0x0000020229d62000, 0x0000020229d14000, 0x000002022a7bf000,
0x000002022a7c4800, 0x000002022a7c5800, 0x000002022a7d0000, 0x000002022a7f6000,
0x000002022acd9800, 0x000002022ab4a800, 0x000002022ac3d000, 0x000002020dfda000,
0x000002022ac3d800, 0x000002022ad57000, 0x000002022b0b9000, 0x000002022af6b800,
0x000002022b98f800, 0x000002022bd30000, 0x000002022bd31800, 0x000002022bd32800,
0x000002022bd2e800
}

Java Threads: ( => current thread )
  0x0000020229cee800 JavaThread "Reference Handler" daemon [_thread_blocked, id=133060, stack(0x00000078dd200000,0x00000078dd300000)]
  0x0000020229cf8000 JavaThread "Finalizer" daemon [_thread_blocked, id=124288, stack(0x00000078dd300000,0x00000078dd400000)]
  0x0000020229d57800 JavaThread "Signal Dispatcher" daemon [_thread_blocked, id=137192, stack(0x00000078dd400000,0x00000078dd500000)]
  0x0000020229d58800 JavaThread "Attach Listener" daemon [_thread_blocked, id=136220, stack(0x00000078dd500000,0x00000078dd600000)]
  0x0000020229d5b800 JavaThread "C2 CompilerThread0" daemon [_thread_blocked, id=134952, stack(0x00000078dd600000,0x00000078dd700000)]
  0x0000020229d62000 JavaThread "C1 CompilerThread0" daemon [_thread_blocked, id=134960, stack(0x00000078dd700000,0x00000078dd800000)]
  0x0000020229d14000 JavaThread "Sweeper thread" daemon [_thread_blocked, id=135012, stack(0x00000078dd800000,0x00000078dd900000)]
  0x000002022a7bf000 JavaThread "JDWP Transport Listener: dt_socket" daemon [_thread_blocked, id=134956, stack(0x00000078dd900000,0x00000078dda00000)]
  0x000002022a7c4800 JavaThread "JDWP Event Helper Thread" daemon [_thread_blocked, id=134928, stack(0x00000078dda00000,0x00000078ddb00000)]
  0x000002022a7c5800 JavaThread "JDWP Command Reader" daemon [_thread_in_native, id=135852, stack(0x00000078ddb00000,0x00000078ddc00000)]
  0x000002022a7d0000 JavaThread "Service Thread" daemon [_thread_blocked, id=130008, stack(0x00000078ddc00000,0x00000078ddd00000)]
  0x000002022a7f6000 JavaThread "Common-Cleaner" daemon [_thread_blocked, id=134244, stack(0x00000078dde00000,0x00000078ddf00000)]
  0x000002022acd9800 JavaThread "Java2D Disposer" daemon [_thread_blocked, id=135612, stack(0x00000078de000000,0x00000078de100000)]
  0x000002022ab4a800 JavaThread "AWT-Windows" daemon [_thread_in_native, id=129164, stack(0x00000078de200000,0x00000078de300000)]
  0x000002022ac3d000 JavaThread "BlueJ worker thread" [_thread_blocked, id=129660, stack(0x00000078de400000,0x00000078de500000)]
  0x000002020dfda000 JavaThread "DestroyJavaVM" [_thread_blocked, id=110108, stack(0x00000078dcb00000,0x00000078dcc00000)]
  0x000002022ac3d800 JavaThread "JavaFX BlueJ Helper" [_thread_blocked, id=135964, stack(0x00000078de500000,0x00000078de600000)]
  0x000002022ad57000 JavaThread "JavaFX-Launcher" [_thread_blocked, id=129520, stack(0x00000078de600000,0x00000078de700000)]
  0x000002022b0b9000 JavaThread "QuantumRenderer-0" daemon [_thread_blocked, id=137540, stack(0x00000078de700000,0x00000078de800000)]
  0x000002022af6b800 JavaThread "InvokeLaterDispatcher" daemon [_thread_blocked, id=122520, stack(0x00000078de800000,0x00000078de900000)]
  0x000002022b98f800 JavaThread "JavaFX Application Thread" [_thread_blocked, id=134692, stack(0x00000078de900000,0x00000078dea00000)]
  0x000002022bd30000 JavaThread "Thread-2" daemon [_thread_blocked, id=137716, stack(0x00000078df000000,0x00000078df100000)]
  0x000002022bd31800 JavaThread "Prism Font Disposer" daemon [_thread_blocked, id=135748, stack(0x00000078df100000,0x00000078df200000)]
  0x000002022bd32800 JavaThread "main" [_thread_blocked, id=134776, stack(0x00000078df200000,0x00000078df300000)]
  0x000002022bd2e800 JavaThread "Cleaner-0" daemon [_thread_blocked, id=137532, stack(0x00000078df500000,0x00000078df600000)]

Other Threads:
=>0x0000020229cc9800 VMThread "VM Thread" [stack: 0x00000078dd100000,0x00000078dd200000] [id=132900]
  0x000002022a7d1000 WatcherThread [stack: 0x00000078ddd00000,0x00000078dde00000] [id=138212]
  0x000002020dff0800 GCTaskThread "GC Thread#0" [stack: 0x00000078dcc00000,0x00000078dcd00000] [id=127220]
  0x000002022bccb000 GCTaskThread "GC Thread#1" [stack: 0x00000078ded00000,0x00000078dee00000] [id=130568]
  0x000002022b8b6800 GCTaskThread "GC Thread#2" [stack: 0x00000078dee00000,0x00000078def00000] [id=133976]
  0x000002022bcc9000 GCTaskThread "GC Thread#3" [stack: 0x00000078def00000,0x00000078df000000] [id=131500]
  0x000002020e00e000 ConcurrentGCThread "G1 Main Marker" [stack: 0x00000078dcd00000,0x00000078dce00000] [id=129884]
  0x000002020e010800 ConcurrentGCThread "G1 Conc#0" [stack: 0x00000078dce00000,0x00000078dcf00000] [id=130328]
  0x000002020e066000 ConcurrentGCThread "G1 Refine#0" [stack: 0x00000078dcf00000,0x00000078dd000000] [id=129476]
  0x000002022bfdc000 ConcurrentGCThread "G1 Refine#1" [stack: 0x00000078de100000,0x00000078de200000] [id=131048]
  0x000002022be66800 ConcurrentGCThread "G1 Refine#2" [stack: 0x00000078de300000,0x00000078de400000] [id=136096]
  0x000002020e067000 ConcurrentGCThread "G1 Young RemSet Sampling" [stack: 0x00000078dd000000,0x00000078dd100000] [id=132172]

Threads with active compile tasks:
C2 CompilerThread03545       4       com.sun.javafx.css.StyleManager$Cache::getStyleMap (400 bytes)

VM state:at safepoint (normal execution)

VM Mutex/Monitor currently owned by a thread:  ([mutex/lock_event])
[0x000002020dfd8790] Threads_lock - owner thread: 0x0000020229cc9800
[0x000002020dfd9000] Heap_lock - owner thread: 0x000002022b0b9000

Heap address: 0x00000000c1600000, size: 1002 MB, Compressed Oops mode: 32-bit
Narrow klass base: 0x0000000000000000, Narrow klass shift: 3
Compressed class space size: 1073741824 Address: 0x0000000100000000

Heap:
 garbage-first heap   total 95232K, used 44470K [0x00000000c1600000, 0x0000000100000000)
  region size 1024K, 3 young (3072K), 3 survivors (3072K)
 Metaspace       used 26648K, capacity 27659K, committed 27900K, reserved 1073152K
  class space    used 3345K, capacity 3777K, committed 3840K, reserved 1048576K
Heap Regions: E=young(eden), S=young(survivor), O=old, HS=humongous(starts), HC=humongous(continues), CS=collection set, F=free, A=archive, TAMS=top-at-mark-start (previous, next)
|   0|0x00000000c1600000, 0x00000000c1700000, 0x00000000c1700000|100%| O|  |TAMS 0x00000000c1700000, 0x00000000c1600000| Untracked 
|   1|0x00000000c1700000, 0x00000000c1800000, 0x00000000c1800000|100%| O|  |TAMS 0x00000000c1800000, 0x00000000c1700000| Untracked 
|   2|0x00000000c1800000, 0x00000000c1900000, 0x00000000c1900000|100%| O|  |TAMS 0x00000000c1900000, 0x00000000c1800000| Untracked 
|   3|0x00000000c1900000, 0x00000000c1a00000, 0x00000000c1a00000|100%| O|  |TAMS 0x00000000c1a00000, 0x00000000c1900000| Untracked 
|   4|0x00000000c1a00000, 0x00000000c1b00000, 0x00000000c1b00000|100%| O|  |TAMS 0x00000000c1b00000, 0x00000000c1a00000| Untracked 
|   5|0x00000000c1b00000, 0x00000000c1c00000, 0x00000000c1c00000|100%| O|  |TAMS 0x00000000c1c00000, 0x00000000c1b00000| Untracked 
|   6|0x00000000c1c00000, 0x00000000c1d00000, 0x00000000c1d00000|100%| O|  |TAMS 0x00000000c1d00000, 0x00000000c1c00000| Untracked 
|   7|0x00000000c1d00000, 0x00000000c1e00000, 0x00000000c1e00000|100%| O|  |TAMS 0x00000000c1e00000, 0x00000000c1d00000| Untracked 
|   8|0x00000000c1e00000, 0x00000000c1f00000, 0x00000000c1f00000|100%| O|  |TAMS 0x00000000c1f00000, 0x00000000c1e00000| Untracked 
|   9|0x00000000c1f00000, 0x00000000c2000000, 0x00000000c2000000|100%| O|  |TAMS 0x00000000c2000000, 0x00000000c1f00000| Untracked 
|  10|0x00000000c2000000, 0x00000000c2100000, 0x00000000c2100000|100%| O|  |TAMS 0x00000000c2100000, 0x00000000c2000000| Untracked 
|  11|0x00000000c2100000, 0x00000000c2200000, 0x00000000c2200000|100%| O|  |TAMS 0x00000000c2200000, 0x00000000c2100000| Untracked 
|  12|0x00000000c2200000, 0x00000000c2300000, 0x00000000c2300000|100%| O|  |TAMS 0x00000000c2300000, 0x00000000c2200000| Untracked 
|  13|0x00000000c2300000, 0x00000000c2400000, 0x00000000c2400000|100%| O|  |TAMS 0x00000000c2400000, 0x00000000c2300000| Untracked 
|  14|0x00000000c2400000, 0x00000000c2500000, 0x00000000c2500000|100%| O|  |TAMS 0x00000000c2500000, 0x00000000c2400000| Untracked 
|  15|0x00000000c2500000, 0x00000000c2600000, 0x00000000c2600000|100%| O|  |TAMS 0x00000000c2600000, 0x00000000c2500000| Untracked 
|  16|0x00000000c2600000, 0x00000000c2700000, 0x00000000c2700000|100%| O|  |TAMS 0x00000000c2700000, 0x00000000c2600000| Untracked 
|  17|0x00000000c2700000, 0x00000000c2800000, 0x00000000c2800000|100%| O|  |TAMS 0x00000000c2800000, 0x00000000c2700000| Untracked 
|  18|0x00000000c2800000, 0x00000000c2900000, 0x00000000c2900000|100%| O|  |TAMS 0x00000000c2900000, 0x00000000c2800000| Untracked 
|  19|0x00000000c2900000, 0x00000000c2a00000, 0x00000000c2a00000|100%| O|  |TAMS 0x00000000c2a00000, 0x00000000c2900000| Untracked 
|  20|0x00000000c2a00000, 0x00000000c2b00000, 0x00000000c2b00000|100%| O|  |TAMS 0x00000000c2b00000, 0x00000000c2a00000| Untracked 
|  21|0x00000000c2b00000, 0x00000000c2c00000, 0x00000000c2c00000|100%| O|  |TAMS 0x00000000c2c00000, 0x00000000c2b00000| Untracked 
|  22|0x00000000c2c00000, 0x00000000c2d00000, 0x00000000c2d00000|100%| O|  |TAMS 0x00000000c2d00000, 0x00000000c2c00000| Untracked 
|  23|0x00000000c2d00000, 0x00000000c2e00000, 0x00000000c2e00000|100%| O|  |TAMS 0x00000000c2e00000, 0x00000000c2d00000| Untracked 
|  24|0x00000000c2e00000, 0x00000000c2f00000, 0x00000000c2f00000|100%| O|  |TAMS 0x00000000c2f00000, 0x00000000c2e00000| Untracked 
|  25|0x00000000c2f00000, 0x00000000c3000000, 0x00000000c3000000|100%| O|  |TAMS 0x00000000c3000000, 0x00000000c2f00000| Untracked 
|  26|0x00000000c3000000, 0x00000000c3100000, 0x00000000c3100000|100%| O|  |TAMS 0x00000000c3100000, 0x00000000c3000000| Untracked 
|  27|0x00000000c3100000, 0x00000000c3200000, 0x00000000c3200000|100%| O|  |TAMS 0x00000000c3200000, 0x00000000c3100000| Untracked 
|  28|0x00000000c3200000, 0x00000000c3300000, 0x00000000c3300000|100%| O|  |TAMS 0x00000000c3300000, 0x00000000c3200000| Untracked 
|  29|0x00000000c3300000, 0x00000000c3400000, 0x00000000c3400000|100%| O|  |TAMS 0x00000000c3400000, 0x00000000c3300000| Untracked 
|  30|0x00000000c3400000, 0x00000000c3500000, 0x00000000c3500000|100%| O|  |TAMS 0x00000000c3500000, 0x00000000c3400000| Untracked 
|  31|0x00000000c3500000, 0x00000000c3600000, 0x00000000c3600000|100%| O|  |TAMS 0x00000000c3600000, 0x00000000c3500000| Untracked 
|  32|0x00000000c3600000, 0x00000000c3700000, 0x00000000c3700000|100%| O|  |TAMS 0x00000000c3700000, 0x00000000c3600000| Untracked 
|  33|0x00000000c3700000, 0x00000000c3800000, 0x00000000c3800000|100%| O|  |TAMS 0x00000000c3800000, 0x00000000c3700000| Untracked 
|  34|0x00000000c3800000, 0x00000000c3900000, 0x00000000c3900000|100%| O|  |TAMS 0x00000000c3900000, 0x00000000c3800000| Untracked 
|  35|0x00000000c3900000, 0x00000000c3a00000, 0x00000000c3a00000|100%| O|  |TAMS 0x00000000c396dc00, 0x00000000c3900000| Untracked 
|  36|0x00000000c3a00000, 0x00000000c3b00000, 0x00000000c3b00000|100%|HS|  |TAMS 0x00000000c3a00000, 0x00000000c3a00000| Complete 
|  37|0x00000000c3b00000, 0x00000000c3c00000, 0x00000000c3c00000|100%|HC|  |TAMS 0x00000000c3b00000, 0x00000000c3b00000| Complete 
|  38|0x00000000c3c00000, 0x00000000c3d00000, 0x00000000c3d00000|100%| O|  |TAMS 0x00000000c3c00000, 0x00000000c3c00000| Untracked 
|  39|0x00000000c3d00000, 0x00000000c3e00000, 0x00000000c3e00000|100%| O|  |TAMS 0x00000000c3d00000, 0x00000000c3d00000| Untracked 
|  40|0x00000000c3e00000, 0x00000000c3e6d800, 0x00000000c3f00000| 42%| O|  |TAMS 0x00000000c3e00000, 0x00000000c3e00000| Untracked 
|  41|0x00000000c3f00000, 0x00000000c3f00000, 0x00000000c4000000|  0%| F|  |TAMS 0x00000000c3f00000, 0x00000000c3f00000| Untracked 
|  42|0x00000000c4000000, 0x00000000c4000000, 0x00000000c4100000|  0%| F|  |TAMS 0x00000000c4000000, 0x00000000c4000000| Untracked 
|  43|0x00000000c4100000, 0x00000000c4100000, 0x00000000c4200000|  0%| F|  |TAMS 0x00000000c4100000, 0x00000000c4100000| Untracked 
|  44|0x00000000c4200000, 0x00000000c4200000, 0x00000000c4300000|  0%| F|  |TAMS 0x00000000c4200000, 0x00000000c4200000| Untracked 
|  45|0x00000000c4300000, 0x00000000c4300000, 0x00000000c4400000|  0%| F|  |TAMS 0x00000000c4300000, 0x00000000c4300000| Untracked 
|  46|0x00000000c4400000, 0x00000000c4400000, 0x00000000c4500000|  0%| F|  |TAMS 0x00000000c4400000, 0x00000000c4400000| Untracked 
|  47|0x00000000c4500000, 0x00000000c4500000, 0x00000000c4600000|  0%| F|  |TAMS 0x00000000c4500000, 0x00000000c4500000| Untracked 
|  48|0x00000000c4600000, 0x00000000c4600000, 0x00000000c4700000|  0%| F|  |TAMS 0x00000000c4600000, 0x00000000c4600000| Untracked 
|  49|0x00000000c4700000, 0x00000000c4700000, 0x00000000c4800000|  0%| F|  |TAMS 0x00000000c4700000, 0x00000000c4700000| Untracked 
|  50|0x00000000c4800000, 0x00000000c4800000, 0x00000000c4900000|  0%| F|  |TAMS 0x00000000c4800000, 0x00000000c4800000| Untracked 
|  51|0x00000000c4900000, 0x00000000c4900000, 0x00000000c4a00000|  0%| F|  |TAMS 0x00000000c4900000, 0x00000000c4900000| Untracked 
|  52|0x00000000c4a00000, 0x00000000c4a00000, 0x00000000c4b00000|  0%| F|  |TAMS 0x00000000c4a00000, 0x00000000c4a00000| Untracked 
|  53|0x00000000c4b00000, 0x00000000c4b00000, 0x00000000c4c00000|  0%| F|  |TAMS 0x00000000c4b00000, 0x00000000c4b00000| Untracked 
|  54|0x00000000c4c00000, 0x00000000c4c00000, 0x00000000c4d00000|  0%| F|  |TAMS 0x00000000c4c00000, 0x00000000c4c00000| Untracked 
|  55|0x00000000c4d00000, 0x00000000c4d00000, 0x00000000c4e00000|  0%| F|  |TAMS 0x00000000c4d00000, 0x00000000c4d00000| Untracked 
|  56|0x00000000c4e00000, 0x00000000c4e00000, 0x00000000c4f00000|  0%| F|  |TAMS 0x00000000c4e00000, 0x00000000c4e00000| Untracked 
|  57|0x00000000c4f00000, 0x00000000c5000000, 0x00000000c5000000|100%| S|CS|TAMS 0x00000000c4f00000, 0x00000000c4f00000| Complete 
|  58|0x00000000c5000000, 0x00000000c5100000, 0x00000000c5100000|100%| S|CS|TAMS 0x00000000c5000000, 0x00000000c5000000| Complete 
|  59|0x00000000c5100000, 0x00000000c5200000, 0x00000000c5200000|100%| S|CS|TAMS 0x00000000c5100000, 0x00000000c5100000| Complete 
|  60|0x00000000c5200000, 0x00000000c5200000, 0x00000000c5300000|  0%| F|  |TAMS 0x00000000c5200000, 0x00000000c5200000| Untracked 
|  61|0x00000000c5300000, 0x00000000c5300000, 0x00000000c5400000|  0%| F|  |TAMS 0x00000000c5300000, 0x00000000c5300000| Untracked 
|  62|0x00000000c5400000, 0x00000000c5400000, 0x00000000c5500000|  0%| F|  |TAMS 0x00000000c5400000, 0x00000000c5400000| Untracked 
|  63|0x00000000c5500000, 0x00000000c5500000, 0x00000000c5600000|  0%| F|  |TAMS 0x00000000c5500000, 0x00000000c5500000| Untracked 
|  64|0x00000000c5600000, 0x00000000c5600000, 0x00000000c5700000|  0%| F|  |TAMS 0x00000000c5600000, 0x00000000c5600000| Untracked 
|  65|0x00000000c5700000, 0x00000000c5700000, 0x00000000c5800000|  0%| F|  |TAMS 0x00000000c5700000, 0x00000000c5700000| Untracked 
|  66|0x00000000c5800000, 0x00000000c5800000, 0x00000000c5900000|  0%| F|  |TAMS 0x00000000c5800000, 0x00000000c5800000| Untracked 
|  67|0x00000000c5900000, 0x00000000c5900000, 0x00000000c5a00000|  0%| F|  |TAMS 0x00000000c5900000, 0x00000000c5900000| Untracked 
|  68|0x00000000c5a00000, 0x00000000c5a00000, 0x00000000c5b00000|  0%| F|  |TAMS 0x00000000c5a00000, 0x00000000c5a00000| Untracked 
|  69|0x00000000c5b00000, 0x00000000c5b00000, 0x00000000c5c00000|  0%| F|  |TAMS 0x00000000c5b00000, 0x00000000c5b00000| Untracked 
|  70|0x00000000c5c00000, 0x00000000c5c00000, 0x00000000c5d00000|  0%| F|  |TAMS 0x00000000c5c00000, 0x00000000c5c00000| Untracked 
|  71|0x00000000c5d00000, 0x00000000c5d00000, 0x00000000c5e00000|  0%| F|  |TAMS 0x00000000c5d00000, 0x00000000c5d00000| Untracked 
|  72|0x00000000c5e00000, 0x00000000c5e00000, 0x00000000c5f00000|  0%| F|  |TAMS 0x00000000c5e00000, 0x00000000c5e00000| Untracked 
|  73|0x00000000c5f00000, 0x00000000c5f00000, 0x00000000c6000000|  0%| F|  |TAMS 0x00000000c5f00000, 0x00000000c5f00000| Untracked 
|  74|0x00000000c6000000, 0x00000000c6000000, 0x00000000c6100000|  0%| F|  |TAMS 0x00000000c6000000, 0x00000000c6000000| Untracked 
|  75|0x00000000c6100000, 0x00000000c6100000, 0x00000000c6200000|  0%| F|  |TAMS 0x00000000c6100000, 0x00000000c6100000| Untracked 
|  76|0x00000000c6200000, 0x00000000c6200000, 0x00000000c6300000|  0%| F|  |TAMS 0x00000000c6200000, 0x00000000c6200000| Untracked 

Card table byte_map: [0x00000202254f0000,0x00000202256f0000] _byte_map_base: 0x0000020224ee5000

Marking Bits (Prev, Next): (CMBitMap*) 0x000002020e0098e8, (CMBitMap*) 0x000002020e009920
 Prev Bits: [0x00000202258f0000, 0x0000020226898000)
 Next Bits: [0x00000202268a0000, 0x0000020227848000)

Polling page: 0x000002020d740000

Metaspace:

Usage:
  Non-class:     23.32 MB capacity,    22.76 MB ( 98%) used,   462.34 KB (  2%) free+waste,   116.56 KB ( <1%) overhead. 
      Class:      3.69 MB capacity,     3.27 MB ( 89%) used,   373.22 KB ( 10%) free+waste,    58.25 KB (  2%) overhead. 
       Both:     27.01 MB capacity,    26.02 MB ( 96%) used,   835.56 KB (  3%) free+waste,   174.81 KB ( <1%) overhead. 

Virtual space:
  Non-class space:       24.00 MB reserved,      23.50 MB ( 98%) committed 
      Class space:        1.00 GB reserved,       3.75 MB ( <1%) committed 
             Both:        1.02 GB reserved,      27.25 MB (  3%) committed 

Chunk freelists:
   Non-Class:  6.25 KB
       Class:  0 bytes
        Both:  6.25 KB

CodeHeap 'non-profiled nmethods': size=120064Kb used=2103Kb max_used=2103Kb free=117960Kb
 bounds [0x000002021ddb0000, 0x000002021e020000, 0x00000202252f0000]
CodeHeap 'profiled nmethods': size=120000Kb used=8017Kb max_used=8017Kb free=111982Kb
 bounds [0x0000020216880000, 0x0000020217060000, 0x000002021ddb0000]
CodeHeap 'non-nmethods': size=5696Kb used=1444Kb max_used=1548Kb free=4251Kb
 bounds [0x00000202162f0000, 0x0000020216560000, 0x0000020216880000]
 total_blobs=5205 nmethods=3607 adapters=718
 compilation: enabled
              stopped_count=0, restarted_count=0
 full_count=0

Compilation events (10 events):
Event: 19.358 Thread 0x0000020229d62000 3648       2       java.util.EventObject::<init> (24 bytes)
Event: 19.358 Thread 0x0000020229d62000 nmethod 3648 0x0000020217053710 code [0x00000202170538e0, 0x0000020217053b70]
Event: 19.365 Thread 0x0000020229d62000 3649       1       com.sun.javafx.stage.WindowEventDispatcher::getFirstDispatcher (5 bytes)
Event: 19.366 Thread 0x0000020229d62000 nmethod 3649 0x000002021dfbd890 code [0x000002021dfbda40, 0x000002021dfbdb58]
Event: 19.373 Thread 0x0000020229d62000 3650       1       com.sun.javafx.scene.SceneEventDispatcher::getFirstDispatcher (5 bytes)
Event: 19.374 Thread 0x0000020229d62000 nmethod 3650 0x000002021dfbdc10 code [0x000002021dfbddc0, 0x000002021dfbded8]
Event: 19.380 Thread 0x0000020229d62000 3651       2       com.sun.prism.impl.ps.BaseShaderContext::validateTextureOp (15 bytes)
Event: 19.380 Thread 0x0000020229d62000 nmethod 3651 0x0000020217053c90 code [0x0000020217053e40, 0x0000020217054030]
Event: 19.380 Thread 0x0000020229d62000 3652       2       com.sun.prism.impl.ps.BaseShaderContext::validateTextureOp (183 bytes)
Event: 19.381 Thread 0x0000020229d62000 nmethod 3652 0x0000020217054110 code [0x0000020217054360, 0x00000202170548a0]

GC Heap History (10 events):
Event: 2.385 GC heap after
{Heap after GC invocations=4 (full 0):
 garbage-first heap   total 65536K, used 22528K [0x00000000c1600000, 0x0000000100000000)
  region size 1024K, 3 young (3072K), 3 survivors (3072K)
 Metaspace       used 15811K, capacity 16319K, committed 16640K, reserved 1064960K
  class space    used 1767K, capacity 1964K, committed 2048K, reserved 1048576K
}
Event: 2.512 GC heap before
{Heap before GC invocations=4 (full 0):
 garbage-first heap   total 65536K, used 39936K [0x00000000c1600000, 0x0000000100000000)
  region size 1024K, 20 young (20480K), 3 survivors (3072K)
 Metaspace       used 15812K, capacity 16319K, committed 16640K, reserved 1064960K
  class space    used 1767K, capacity 1964K, committed 2048K, reserved 1048576K
}
Event: 2.524 GC heap after
{Heap after GC invocations=5 (full 0):
 garbage-first heap   total 78848K, used 28611K [0x00000000c1600000, 0x0000000100000000)
  region size 1024K, 3 young (3072K), 3 survivors (3072K)
 Metaspace       used 15812K, capacity 16319K, committed 16640K, reserved 1064960K
  class space    used 1767K, capacity 1964K, committed 2048K, reserved 1048576K
}
Event: 3.092 GC heap before
{Heap before GC invocations=5 (full 0):
 garbage-first heap   total 78848K, used 48067K [0x00000000c1600000, 0x0000000100000000)
  region size 1024K, 22 young (22528K), 3 survivors (3072K)
 Metaspace       used 17390K, capacity 17838K, committed 17920K, reserved 1064960K
  class space    used 2100K, capacity 2299K, committed 2304K, reserved 1048576K
}
Event: 3.104 GC heap after
{Heap after GC invocations=6 (full 0):
 garbage-first heap   total 78848K, used 35581K [0x00000000c1600000, 0x0000000100000000)
  region size 1024K, 3 young (3072K), 3 survivors (3072K)
 Metaspace       used 17390K, capacity 17838K, committed 17920K, reserved 1064960K
  class space    used 2100K, capacity 2299K, committed 2304K, reserved 1048576K
}
Event: 3.878 GC heap before
{Heap before GC invocations=6 (full 0):
 garbage-first heap   total 78848K, used 42749K [0x00000000c1600000, 0x0000000100000000)
  region size 1024K, 11 young (11264K), 3 survivors (3072K)
 Metaspace       used 20525K, capacity 21109K, committed 21248K, reserved 1067008K
  class space    used 2537K, capacity 2785K, committed 2816K, reserved 1048576K
}
Event: 3.885 GC heap after
{Heap after GC invocations=7 (full 0):
 garbage-first heap   total 78848K, used 36527K [0x00000000c1600000, 0x0000000100000000)
  region size 1024K, 1 young (1024K), 1 survivors (1024K)
 Metaspace       used 20525K, capacity 21109K, committed 21248K, reserved 1067008K
  class space    used 2537K, capacity 2785K, committed 2816K, reserved 1048576K
}
Event: 4.980 GC heap before
{Heap before GC invocations=8 (full 0):
 garbage-first heap   total 78848K, used 49839K [0x00000000c1600000, 0x0000000100000000)
  region size 1024K, 15 young (15360K), 1 survivors (1024K)
 Metaspace       used 24562K, capacity 25516K, committed 25596K, reserved 1071104K
  class space    used 3133K, capacity 3551K, committed 3584K, reserved 1048576K
}
Event: 4.988 GC heap after
{Heap after GC invocations=9 (full 0):
 garbage-first heap   total 78848K, used 38327K [0x00000000c1600000, 0x0000000100000000)
  region size 1024K, 2 young (2048K), 2 survivors (2048K)
 Metaspace       used 24562K, capacity 25516K, committed 25596K, reserved 1071104K
  class space    used 3133K, capacity 3551K, committed 3584K, reserved 1048576K
}
Event: 19.381 GC heap before
{Heap before GC invocations=10 (full 0):
 garbage-first heap   total 78848K, used 54711K [0x00000000c1600000, 0x0000000100000000)
  region size 1024K, 17 young (17408K), 2 survivors (2048K)
 Metaspace       used 26648K, capacity 27659K, committed 27900K, reserved 1073152K
  class space    used 3345K, capacity 3777K, committed 3840K, reserved 1048576K
}

Deoptimization events (10 events):
Event: 15.821 Thread 0x000002022b0b9000 Uncommon trap: reason=unstable_if action=reinterpret pc=0x000002021df3d2a4 method=com.sun.marlin.MaskMarlinAlphaConsumer.setAndClearRelativeAlphas([IIII)V @ 81 c2
Event: 16.004 Thread 0x000002022b98f800 Uncommon trap: reason=unstable_if action=reinterpret pc=0x000002021dde4064 method=jdk.internal.org.objectweb.asm.Type.getArgumentsAndReturnSizes(Ljava/lang/String;)I @ 47 c2
Event: 16.004 Thread 0x000002022b98f800 Uncommon trap: reason=unstable_if action=reinterpret pc=0x000002021df035f4 method=jdk.internal.org.objectweb.asm.Frame.push(Ljdk/internal/org/objectweb/asm/ClassWriter;Ljava/lang/String;)V @ 18 c2
Event: 16.017 Thread 0x000002022b98f800 Uncommon trap: reason=unstable_if action=reinterpret pc=0x000002021df75400 method=com.sun.javafx.geom.Path2D.needRoom(ZI)V @ 78 c2
Event: 16.077 Thread 0x000002022b0b9000 Uncommon trap: reason=unstable_if action=reinterpret pc=0x000002021df16a70 method=com.sun.marlin.DRenderer.addLine(DDDD)V @ 250 c2
Event: 16.090 Thread 0x000002022b0b9000 Uncommon trap: reason=unstable_if action=reinterpret pc=0x000002021df5dbf0 method=com.sun.marlin.DRenderer._endRendering(IILcom/sun/marlin/MarlinAlphaConsumer;)V @ 920 c2
Event: 16.090 Thread 0x000002022b0b9000 Uncommon trap: reason=unstable_if action=reinterpret pc=0x000002021df483e0 method=com.sun.marlin.DRenderer._endRendering(IILcom/sun/marlin/MarlinAlphaConsumer;)V @ 1380 c2
Event: 16.090 Thread 0x000002022b0b9000 Uncommon trap: reason=unstable_if action=reinterpret pc=0x000002021df0af98 method=com.sun.marlin.MaskMarlinAlphaConsumer.setAndClearRelativeAlphas([I[IIII)V @ 591 c2
Event: 16.106 Thread 0x000002022b0b9000 Uncommon trap: reason=unstable_if action=reinterpret pc=0x000002021df32a30 method=com.sun.marlin.DRenderer._endRendering(IILcom/sun/marlin/MarlinAlphaConsumer;)V @ 920 c2
Event: 19.221 Thread 0x000002022b0b9000 Uncommon trap: reason=unstable_if action=reinterpret pc=0x000002021def97c4 method=com.sun.marlin.MaskMarlinAlphaConsumer.setAndClearRelativeAlphas([I[IIII)V @ 414 c2

Classes redefined (0 events):
No events

Internal exceptions (10 events):
Event: 4.183 Thread 0x000002022b98f800 Exception <a 'java/lang/NoSuchMethodError'{0x00000000c5f42c08}: java.lang.invoke.DirectMethodHandle$Holder.invokeSpecialIFC(Ljava/lang/Object;Ljava/lang/Object;Ljava/lang/Object;Ljava/lang/Object;)V> (0x00000000c5f42c08) thrown at [t:/workspace/open/src/h
Event: 4.792 Thread 0x000002022b0b9000 Exception <a 'java/lang/NoSuchMethodError'{0x00000000c5604d70}: java.lang.invoke.DirectMethodHandle$Holder.invokeStaticInit(Ljava/lang/Object;Ljava/lang/Object;)I> (0x00000000c5604d70) thrown at [t:/workspace/open/src/hotspot/share/interpreter/linkResolve
Event: 10.134 Thread 0x000002022b98f800 Exception <a 'java/lang/NoSuchMethodError'{0x00000000c606e270}: java.lang.invoke.DirectMethodHandle$Holder.invokeStatic(Ljava/lang/Object;Ljava/lang/Object;Ljava/lang/Object;Ljava/lang/Object;Ljava/lang/Object;Ljava/lang/Object;Ljava/lang/Object;Ljava/lan
Event: 10.136 Thread 0x000002022b98f800 Exception <a 'java/lang/NoSuchMethodError'{0x00000000c607a9b0}: java.lang.invoke.DirectMethodHandle$Holder.invokeStatic(Ljava/lang/Object;Ljava/lang/Object;Ljava/lang/Object;Ljava/lang/Object;Ljava/lang/Object;Ljava/lang/Object;Ljava/lang/Object;Ljava/lan
Event: 10.138 Thread 0x000002022b98f800 Exception <a 'java/lang/NoSuchMethodError'{0x00000000c60874d8}: java.lang.invoke.DirectMethodHandle$Holder.invokeStatic(Ljava/lang/Object;Ljava/lang/Object;Ljava/lang/Object;Ljava/lang/Object;Ljava/lang/Object;Ljava/lang/Object;Ljava/lang/Object;Ljava/lan
Event: 14.056 Thread 0x000002022b98f800 Implicit null exception at 0x000002021dea9717 to 0x000002021dea9ea2
Event: 16.005 Thread 0x000002022b98f800 Exception <a 'java/lang/NoSuchMethodError'{0x00000000c5a54660}: java.lang.invoke.DirectMethodHandle$Holder.invokeStaticInit(Ljava/lang/Object;Ljava/lang/Object;Ljava/lang/Object;)J> (0x00000000c5a54660) thrown at [t:/workspace/open/src/hotspot/share/inter
Event: 19.203 Thread 0x000002022b98f800 Exception <a 'java/lang/NoSuchMethodError'{0x00000000c5444d30}: java.lang.invoke.DirectMethodHandle$Holder.invokeStatic(Ljava/lang/Object;Ljava/lang/Object;IIIIILjava/lang/Object;)Ljava/lang/Object;> (0x00000000c5444d30) thrown at [t:/workspace/open/src/h
Event: 19.205 Thread 0x000002022b98f800 Exception <a 'java/lang/NoSuchMethodError'{0x00000000c54555b0}: java.lang.invoke.DirectMethodHandle$Holder.invokeStatic(Ljava/lang/Object;Ljava/lang/Object;Ljava/lang/Object;IIIII)Ljava/lang/Object;> (0x00000000c54555b0) thrown at [t:/workspace/open/src/h
Event: 19.206 Thread 0x000002022b98f800 Exception <a 'java/lang/NoSuchMethodError'{0x00000000c545be10}: java.lang.invoke.Invokers$Holder.linkToTargetMethod(Ljava/lang/Object;Ljava/lang/Object;IIIIILjava/lang/Object;)Ljava/lang/Object;> (0x00000000c545be10) thrown at [t:/workspace/open/src/hotsp

Events (10 events):
Event: 19.222 Thread 0x000002022b0b9000 DEOPT UNPACKING pc=0x000002021632d62f sp=0x00000078de7fcf50 mode 2
Event: 19.222 Thread 0x000002022b0b9000 DEOPT PACKING pc=0x0000020216f3d108 sp=0x00000078de7fcfe0
Event: 19.222 Thread 0x000002022b0b9000 DEOPT UNPACKING pc=0x000002021632d44e sp=0x00000078de7fc4b0 mode 0
Event: 19.229 Thread 0x000002022b0b9000 DEOPT PACKING pc=0x0000020216f3d108 sp=0x00000078de7fcfe0
Event: 19.229 Thread 0x000002022b0b9000 DEOPT UNPACKING pc=0x000002021632d44e sp=0x00000078de7fc4b0 mode 0
Event: 19.230 Thread 0x000002022b0b9000 DEOPT PACKING pc=0x0000020216fa215f sp=0x00000078de7fd140
Event: 19.230 Thread 0x000002022b0b9000 DEOPT UNPACKING pc=0x000002021632d44e sp=0x00000078de7fc5f8 mode 0
Event: 19.380 Thread 0x000002022b0b9000 DEOPT PACKING pc=0x0000020216f3d108 sp=0x00000078de7fc9c0
Event: 19.380 Thread 0x000002022b0b9000 DEOPT UNPACKING pc=0x000002021632d44e sp=0x00000078de7fbe90 mode 0
Event: 19.381 Executing VM operation: G1CollectForAllocation


Dynamic libraries:
0x00007ff7ffdf0000 - 0x00007ff7ffe35000 	C:\Program Files\BlueJ\jdk\bin\java.exe
0x00007ff9c1680000 - 0x00007ff9c1870000 	C:\WINDOWS\SYSTEM32\ntdll.dll
0x00007ff9c0900000 - 0x00007ff9c09b2000 	C:\WINDOWS\System32\KERNEL32.DLL
0x00007ff9beb10000 - 0x00007ff9bedb3000 	C:\WINDOWS\System32\KERNELBASE.dll
0x00007ff9c09c0000 - 0x00007ff9c0b54000 	C:\WINDOWS\System32\USER32.dll
0x00007ff9be800000 - 0x00007ff9be821000 	C:\WINDOWS\System32\win32u.dll
0x00007ff9c07c0000 - 0x00007ff9c07e6000 	C:\WINDOWS\System32\GDI32.dll
0x00007ff9be660000 - 0x00007ff9be7f4000 	C:\WINDOWS\System32\gdi32full.dll
0x00007ff9beec0000 - 0x00007ff9bef5e000 	C:\WINDOWS\System32\msvcp_win.dll
0x00007ff9bedc0000 - 0x00007ff9beeba000 	C:\WINDOWS\System32\ucrtbase.dll
0x00007ff9a9570000 - 0x00007ff9a97f5000 	C:\WINDOWS\WinSxS\amd64_microsoft.windows.common-controls_6595b64144ccf1df_6.0.18362.657_none_e6c5b579130e3898\COMCTL32.dll
0x00007ff9c01e0000 - 0x00007ff9c027e000 	C:\WINDOWS\System32\msvcrt.dll
0x00007ff9bf730000 - 0x00007ff9bfa66000 	C:\WINDOWS\System32\combase.dll
0x00007ff9c1520000 - 0x00007ff9c1640000 	C:\WINDOWS\System32\RPCRT4.dll
0x00007ff9bea90000 - 0x00007ff9beb10000 	C:\WINDOWS\System32\bcryptPrimitives.dll
0x00007ff9c0bd0000 - 0x00007ff9c0bfe000 	C:\WINDOWS\System32\IMM32.DLL
0x00007ff9ac420000 - 0x00007ff9ac436000 	C:\Program Files\BlueJ\jdk\bin\vcruntime140.dll
0x00007ff993e70000 - 0x00007ff993f1a000 	C:\Program Files\BlueJ\jdk\bin\msvcp140.dll
0x00007ff97f3c0000 - 0x00007ff97fee3000 	C:\Program Files\BlueJ\jdk\bin\server\jvm.dll
0x00007ff9c0710000 - 0x00007ff9c07b3000 	C:\WINDOWS\System32\ADVAPI32.dll
0x00007ff9c0800000 - 0x00007ff9c0897000 	C:\WINDOWS\System32\sechost.dll
0x00007ff9c07f0000 - 0x00007ff9c07f8000 	C:\WINDOWS\System32\PSAPI.DLL
0x00007ff9ac300000 - 0x00007ff9ac309000 	C:\WINDOWS\SYSTEM32\WSOCK32.dll
0x00007ff9bbea0000 - 0x00007ff9bbec4000 	C:\WINDOWS\SYSTEM32\WINMM.dll
0x00007ff9c0b60000 - 0x00007ff9c0bcf000 	C:\WINDOWS\System32\WS2_32.dll
0x00007ff9b5dc0000 - 0x00007ff9b5dca000 	C:\WINDOWS\SYSTEM32\VERSION.dll
0x00007ff9bbe70000 - 0x00007ff9bbe9d000 	C:\WINDOWS\SYSTEM32\winmmbase.dll
0x00007ff9be610000 - 0x00007ff9be65a000 	C:\WINDOWS\System32\cfgmgr32.dll
0x00007ff9be5a0000 - 0x00007ff9be5b1000 	C:\WINDOWS\System32\kernel.appcore.dll
0x00007ff99dc50000 - 0x00007ff99dc61000 	C:\Program Files\BlueJ\jdk\bin\verify.dll
0x00007ff9bce80000 - 0x00007ff9bd074000 	C:\WINDOWS\SYSTEM32\DBGHELP.DLL
0x00007ff9ad2c0000 - 0x00007ff9ad2ea000 	C:\WINDOWS\SYSTEM32\dbgcore.DLL
0x00007ff9993e0000 - 0x00007ff999408000 	C:\Program Files\BlueJ\jdk\bin\java.dll
0x00007ff9a89f0000 - 0x00007ff9a8a27000 	C:\Program Files\BlueJ\jdk\bin\jdwp.dll
0x00007ff9993c0000 - 0x00007ff9993d6000 	C:\Program Files\BlueJ\jdk\bin\zip.dll
0x00007ff9ac2f0000 - 0x00007ff9ac2fa000 	C:\Program Files\BlueJ\jdk\bin\jimage.dll
0x00007ff9bfa70000 - 0x00007ff9c0155000 	C:\WINDOWS\System32\SHELL32.dll
0x00007ff9c0660000 - 0x00007ff9c0709000 	C:\WINDOWS\System32\shcore.dll
0x00007ff9bef90000 - 0x00007ff9bf70f000 	C:\WINDOWS\System32\windows.storage.dll
0x00007ff9be560000 - 0x00007ff9be57f000 	C:\WINDOWS\System32\profapi.dll
0x00007ff9be5c0000 - 0x00007ff9be60a000 	C:\WINDOWS\System32\powrprof.dll
0x00007ff9be550000 - 0x00007ff9be560000 	C:\WINDOWS\System32\UMPDC.dll
0x00007ff9c02e0000 - 0x00007ff9c0332000 	C:\WINDOWS\System32\shlwapi.dll
0x00007ff9bf710000 - 0x00007ff9bf727000 	C:\WINDOWS\System32\cryptsp.dll
0x00007ff9bc310000 - 0x00007ff9bc31a000 	C:\Program Files\BlueJ\jdk\bin\dt_socket.dll
0x00007ff9bdd60000 - 0x00007ff9bddc7000 	C:\WINDOWS\system32\mswsock.dll
0x00007ff9b7be0000 - 0x00007ff9b7bf9000 	C:\Program Files\BlueJ\jdk\bin\net.dll
0x00007ff9b13b0000 - 0x00007ff9b14a0000 	C:\WINDOWS\SYSTEM32\WINHTTP.dll
0x00007ff9aeb70000 - 0x00007ff9aed46000 	C:\WINDOWS\SYSTEM32\urlmon.dll
0x00007ff9aeec0000 - 0x00007ff9af166000 	C:\WINDOWS\SYSTEM32\iertutil.dll
0x00007ff9bdf30000 - 0x00007ff9bdf3c000 	C:\WINDOWS\SYSTEM32\CRYPTBASE.DLL
0x00007ff9ac3e0000 - 0x00007ff9ac3f3000 	C:\Program Files\BlueJ\jdk\bin\nio.dll
0x00007ff9902b0000 - 0x00007ff99044e000 	C:\Program Files\BlueJ\jdk\bin\awt.dll
0x00007ff9c1450000 - 0x00007ff9c1514000 	C:\WINDOWS\System32\OLEAUT32.dll
0x00007ff9ba920000 - 0x00007ff9baee0000 	C:\WINDOWS\SYSTEM32\d2d1.dll
0x00007ff9bc460000 - 0x00007ff9bc4ef000 	C:\WINDOWS\SYSTEM32\apphelp.dll
0x00007ff9bc790000 - 0x00007ff9bc829000 	C:\WINDOWS\system32\uxtheme.dll
0x00007ff9c0510000 - 0x00007ff9c0645000 	C:\WINDOWS\System32\MSCTF.dll
0x00007ff9c0340000 - 0x00007ff9c0496000 	C:\WINDOWS\System32\ole32.dll
0x000002020df30000 - 0x000002020df33000 	C:\Program Files\BlueJ\lib\javafx\bin\api-ms-win-core-console-l1-1-0.dll
0x000002020df40000 - 0x000002020df43000 	C:\Program Files\BlueJ\lib\javafx\bin\api-ms-win-core-datetime-l1-1-0.dll
0x000002020df50000 - 0x000002020df53000 	C:\Program Files\BlueJ\lib\javafx\bin\api-ms-win-core-debug-l1-1-0.dll
0x000002020df60000 - 0x000002020df63000 	C:\Program Files\BlueJ\lib\javafx\bin\api-ms-win-core-errorhandling-l1-1-0.dll
0x000002020df70000 - 0x000002020df74000 	C:\Program Files\BlueJ\lib\javafx\bin\api-ms-win-core-file-l1-1-0.dll
0x000002020df80000 - 0x000002020df83000 	C:\Program Files\BlueJ\lib\javafx\bin\api-ms-win-core-file-l1-2-0.dll
0x000002020df90000 - 0x000002020df93000 	C:\Program Files\BlueJ\lib\javafx\bin\api-ms-win-core-file-l2-1-0.dll
0x000002020dfa0000 - 0x000002020dfa3000 	C:\Program Files\BlueJ\lib\javafx\bin\api-ms-win-core-handle-l1-1-0.dll
0x000002022b7b0000 - 0x000002022b7b3000 	C:\Program Files\BlueJ\lib\javafx\bin\api-ms-win-core-heap-l1-1-0.dll
0x000002022b7c0000 - 0x000002022b7c3000 	C:\Program Files\BlueJ\lib\javafx\bin\api-ms-win-core-interlocked-l1-1-0.dll
0x000002022b7d0000 - 0x000002022b7d3000 	C:\Program Files\BlueJ\lib\javafx\bin\api-ms-win-core-libraryloader-l1-1-0.dll
0x000002022b7e0000 - 0x000002022b7e3000 	C:\Program Files\BlueJ\lib\javafx\bin\api-ms-win-core-localization-l1-2-0.dll
0x000002022b7f0000 - 0x000002022b7f3000 	C:\Program Files\BlueJ\lib\javafx\bin\api-ms-win-core-memory-l1-1-0.dll
0x000002022b800000 - 0x000002022b803000 	C:\Program Files\BlueJ\lib\javafx\bin\api-ms-win-core-namedpipe-l1-1-0.dll
0x000002022b810000 - 0x000002022b813000 	C:\Program Files\BlueJ\lib\javafx\bin\api-ms-win-core-processenvironment-l1-1-0.dll
0x000002022b820000 - 0x000002022b823000 	C:\Program Files\BlueJ\lib\javafx\bin\api-ms-win-core-processthreads-l1-1-0.dll
0x000002022b830000 - 0x000002022b833000 	C:\Program Files\BlueJ\lib\javafx\bin\api-ms-win-core-processthreads-l1-1-1.dll
0x000002022b840000 - 0x000002022b843000 	C:\Program Files\BlueJ\lib\javafx\bin\api-ms-win-core-profile-l1-1-0.dll
0x000002022b850000 - 0x000002022b853000 	C:\Program Files\BlueJ\lib\javafx\bin\api-ms-win-core-rtlsupport-l1-1-0.dll
0x000002022b860000 - 0x000002022b863000 	C:\Program Files\BlueJ\lib\javafx\bin\api-ms-win-core-string-l1-1-0.dll
0x000002022b870000 - 0x000002022b873000 	C:\Program Files\BlueJ\lib\javafx\bin\api-ms-win-core-synch-l1-1-0.dll
0x000002022b880000 - 0x000002022b883000 	C:\Program Files\BlueJ\lib\javafx\bin\api-ms-win-core-synch-l1-2-0.dll
0x000002022b890000 - 0x000002022b893000 	C:\Program Files\BlueJ\lib\javafx\bin\api-ms-win-core-sysinfo-l1-1-0.dll
0x000002022b8a0000 - 0x000002022b8a3000 	C:\Program Files\BlueJ\lib\javafx\bin\api-ms-win-core-timezone-l1-1-0.dll
0x000002022c880000 - 0x000002022c883000 	C:\Program Files\BlueJ\lib\javafx\bin\api-ms-win-core-util-l1-1-0.dll
0x000002022c890000 - 0x000002022c893000 	C:\Program Files\BlueJ\lib\javafx\bin\api-ms-win-crt-conio-l1-1-0.dll
0x000002022c8a0000 - 0x000002022c8a4000 	C:\Program Files\BlueJ\lib\javafx\bin\api-ms-win-crt-convert-l1-1-0.dll
0x000002022c8b0000 - 0x000002022c8b3000 	C:\Program Files\BlueJ\lib\javafx\bin\api-ms-win-crt-environment-l1-1-0.dll
0x000002022c8c0000 - 0x000002022c8c3000 	C:\Program Files\BlueJ\lib\javafx\bin\api-ms-win-crt-filesystem-l1-1-0.dll
0x000002022c8d0000 - 0x000002022c8d3000 	C:\Program Files\BlueJ\lib\javafx\bin\api-ms-win-crt-heap-l1-1-0.dll
0x000002022c8e0000 - 0x000002022c8e3000 	C:\Program Files\BlueJ\lib\javafx\bin\api-ms-win-crt-locale-l1-1-0.dll
0x000002022c8f0000 - 0x000002022c8f5000 	C:\Program Files\BlueJ\lib\javafx\bin\api-ms-win-crt-math-l1-1-0.dll
0x000002022cb50000 - 0x000002022cb55000 	C:\Program Files\BlueJ\lib\javafx\bin\api-ms-win-crt-multibyte-l1-1-0.dll
0x000002022cb60000 - 0x000002022cb70000 	C:\Program Files\BlueJ\lib\javafx\bin\api-ms-win-crt-private-l1-1-0.dll
0x000002022cb70000 - 0x000002022cb73000 	C:\Program Files\BlueJ\lib\javafx\bin\api-ms-win-crt-process-l1-1-0.dll
0x000002022cb80000 - 0x000002022cb84000 	C:\Program Files\BlueJ\lib\javafx\bin\api-ms-win-crt-runtime-l1-1-0.dll
0x000002022cb90000 - 0x000002022cb94000 	C:\Program Files\BlueJ\lib\javafx\bin\api-ms-win-crt-stdio-l1-1-0.dll
0x000002022c900000 - 0x000002022c904000 	C:\Program Files\BlueJ\lib\javafx\bin\api-ms-win-crt-string-l1-1-0.dll
0x000002022c910000 - 0x000002022c913000 	C:\Program Files\BlueJ\lib\javafx\bin\api-ms-win-crt-time-l1-1-0.dll
0x000002022c920000 - 0x000002022c923000 	C:\Program Files\BlueJ\lib\javafx\bin\api-ms-win-crt-utility-l1-1-0.dll
0x00007ff994430000 - 0x00007ff99452a000 	C:\Program Files\BlueJ\lib\javafx\bin\ucrtbase.dll
0x00007ff9aa500000 - 0x00007ff9aa516000 	C:\Program Files\BlueJ\lib\javafx\bin\vcruntime140.dll
0x00007ff995a10000 - 0x00007ff995ab6000 	C:\Program Files\BlueJ\lib\javafx\bin\msvcp140.dll
0x00007ff9957c0000 - 0x00007ff995811000 	C:\Program Files\BlueJ\lib\javafx\bin\concrt140.dll
0x00007ff9a7130000 - 0x00007ff9a7153000 	C:\Program Files\BlueJ\lib\javafx\bin\prism_d3d.dll
0x00007ff98fe00000 - 0x00007ff98ffc7000 	C:\WINDOWS\system32\d3d9.dll
0x00007ff9bc880000 - 0x00007ff9bc8ad000 	C:\WINDOWS\SYSTEM32\dwmapi.dll
0x00007ff9bd1c0000 - 0x00007ff9bd1e0000 	C:\WINDOWS\SYSTEM32\dxcore.dll
0x00007ff98f550000 - 0x00007ff98f711000 	C:\WINDOWS\System32\DriverStore\FileRepository\ki131411.inf_amd64_479b4f09b66d821c\igdumdim64.dll
0x00007ff9b44b0000 - 0x00007ff9b45ca000 	C:\WINDOWS\System32\DriverStore\FileRepository\ki131411.inf_amd64_479b4f09b66d821c\igdgmm64.dll
0x00007ff96b300000 - 0x00007ff96ec82000 	C:\WINDOWS\System32\DriverStore\FileRepository\ki131411.inf_amd64_479b4f09b66d821c\igd9dxva64.dll
0x00007ff9951c0000 - 0x00007ff995205000 	C:\Program Files\BlueJ\lib\javafx\bin\glass.dll
0x00007ff9c0d40000 - 0x00007ff9c0e10000 	C:\WINDOWS\System32\COMDLG32.dll
0x00007ff9bc3b0000 - 0x00007ff9bc3d1000 	C:\WINDOWS\System32\DriverStore\FileRepository\ki131411.inf_amd64_479b4f09b66d821c\igdinfo64.dll
0x00007ff9b24e0000 - 0x00007ff9b44a5000 	C:\WINDOWS\System32\DriverStore\FileRepository\ki131411.inf_amd64_479b4f09b66d821c\igc64.dll
0x00007ff9a6ef0000 - 0x00007ff9a6f04000 	C:\Program Files\BlueJ\lib\javafx\bin\javafx_font.dll
0x00007ff9ae870000 - 0x00007ff9aeb6e000 	C:\WINDOWS\SYSTEM32\dwrite.dll
0x00007ff9c0c90000 - 0x00007ff9c0d32000 	C:\WINDOWS\System32\clbcatq.dll
0x00007ff9b7580000 - 0x00007ff9b772f000 	C:\WINDOWS\SYSTEM32\WindowsCodecs.dll
0x00007ff999cd0000 - 0x00007ff999d0a000 	C:\WINDOWS\system32\dataexchange.dll
0x00007ff9bc040000 - 0x00007ff9bc21b000 	C:\WINDOWS\system32\dcomp.dll
0x00007ff9baee0000 - 0x00007ff9bb13b000 	C:\WINDOWS\system32\d3d11.dll
0x00007ff9bd250000 - 0x00007ff9bd33b000 	C:\WINDOWS\system32\dxgi.dll
0x00007ff9bc510000 - 0x00007ff9bc76a000 	C:\WINDOWS\system32\twinapi.appcore.dll
0x00007ff9bcb10000 - 0x00007ff9bcb39000 	C:\WINDOWS\system32\RMCLIENT.dll
0x00007ff999220000 - 0x00007ff999253000 	C:\Program Files\Common Files\Microsoft Shared\Ink\rtscom.dll
0x00007ff9b7bd0000 - 0x00007ff9b7bd9000 	C:\Program Files\BlueJ\jdk\bin\management.dll
0x00007ff9b1890000 - 0x00007ff9b189c000 	C:\Program Files\BlueJ\jdk\bin\management_ext.dll
0x00007ff9a5ad0000 - 0x00007ff9a5ae6000 	C:\WINDOWS\system32\napinsp.dll

dbghelp: loaded successfully - version: 4.0.5 - missing functions: none
symbol engine: initialized successfully - sym options: 0x614 - pdb path: .;C:\Program Files\BlueJ\jdk\bin;C:\WINDOWS\SYSTEM32;C:\WINDOWS\WinSxS\amd64_microsoft.windows.common-controls_6595b64144ccf1df_6.0.18362.657_none_e6c5b579130e3898;C:\Program Files\BlueJ\jdk\bin\server;C:\Program Files\BlueJ\lib\javafx\bin;C:\WINDOWS\System32\DriverStore\FileRepository\ki131411.inf_amd64_479b4f09b66d821c;C:\Program Files\Common Files\Microsoft Shared\Ink

VM Arguments:
jvm_args: -ea -agentlib:jdwp=transport=dt_socket,address=127.0.0.1:63548 -Dfile.encoding=UTF-8 
java_command: bluej.runtime.ExecServer UTF-8
java_class_path (initial): C:\Program Files\BlueJ\lib\bluejcore.jar;C:\Program Files\BlueJ\lib\junit-4.11.jar;C:\Program Files\BlueJ\lib\hamcrest-core-1.3.jar;C:\Program Files\BlueJ\lib\lang-stride.jar;C:\Program Files\BlueJ\lib\javafx\lib\javafx.base.jar;C:\Program Files\BlueJ\lib\javafx\lib\javafx.controls.jar;C:\Program Files\BlueJ\lib\javafx\lib\javafx.fxml.jar;C:\Program Files\BlueJ\lib\javafx\lib\javafx.graphics.jar;C:\Program Files\BlueJ\lib\javafx\lib\javafx.media.jar;C:\Program Files\BlueJ\lib\javafx\lib\javafx.properties.jar;C:\Program Files\BlueJ\lib\javafx\lib\javafx.swing.jar;C:\Program Files\BlueJ\lib\javafx\lib\javafx.web.jar;C:\Program Files\BlueJ\lib\javafx\lib\javafx.base.jar;C:\Program Files\BlueJ\lib\javafx\lib\javafx.controls.jar;C:\Program Files\BlueJ\lib\javafx\lib\javafx.fxml.jar;C:\Program Files\BlueJ\lib\javafx\lib\javafx.graphics.jar;C:\Program Files\BlueJ\lib\javafx\lib\javafx.media.jar;C:\Program Files\BlueJ\lib\javafx\lib\javafx.properties.jar;C:\Program Files\BlueJ\lib\javafx\lib\javafx.swing.jar;C:\Program Files\BlueJ\lib\javafx\lib\javafx.web.jar;C:\Users\Ali Asif\PPA4-copy-copy\+libs\commons-beanutils-1.9.4.jar;C:\Users\Ali Asif\PPA4-copy-copy\+libs\commons-collections4-4.4.jar;C:\Users\Ali Asif\PPA4-copy-copy\+libs\commons-lang3-3.7.jar;C:\Users\Ali Asif\PPA4-copy-copy\+libs\commons-text-1.2.jar;C:\Users\Ali Asif\PPA4-copy-copy\+libs\opencsv-4.1.jar
Launcher Type: SUN_STANDARD

[Global flags]
     intx CICompilerCount                          = 3                                         {product} {ergonomic}
     uint ConcGCThreads                            = 1                                         {product} {ergonomic}
     uint G1ConcRefinementThreads                  = 4                                         {product} {ergonomic}
   size_t G1HeapRegionSize                         = 1048576                                   {product} {ergonomic}
    uintx GCDrainStackTargetSize                   = 64                                        {product} {ergonomic}
   size_t InitialHeapSize                          = 67108864                                  {product} {ergonomic}
   size_t MarkStackSize                            = 4194304                                   {product} {ergonomic}
   size_t MaxHeapSize                              = 1050673152                                {product} {ergonomic}
   size_t MaxNewSize                               = 630194176                                 {product} {ergonomic}
   size_t MinHeapDeltaBytes                        = 1048576                                   {product} {ergonomic}
    uintx NonNMethodCodeHeapSize                   = 5830092                                {pd product} {ergonomic}
    uintx NonProfiledCodeHeapSize                  = 122914074                              {pd product} {ergonomic}
    uintx ProfiledCodeHeapSize                     = 122914074                              {pd product} {ergonomic}
    uintx ReservedCodeCacheSize                    = 251658240                              {pd product} {ergonomic}
     bool SegmentedCodeCache                       = true                                      {product} {ergonomic}
     bool UseCompressedClassPointers               = true                                 {lp64_product} {ergonomic}
     bool UseCompressedOops                        = true                                 {lp64_product} {ergonomic}
     bool UseG1GC                                  = true                                      {product} {ergonomic}
     bool UseLargePagesIndividualAllocation        = false                                  {pd product} {ergonomic}

Logging:
Log output configuration:
 #0: stdout all=warning uptime,level,tags
 #1: stderr all=off uptime,level,tags

Environment Variables:
PATH=C:\WinAVR-20100110\bin;C:\WinAVR-20100110\utils\bin;C:\Program Files (x86)\Intel\Intel(R) Management Engine Components\iCLS\;C:\Program Files\Intel\Intel(R) Management Engine Components\iCLS\;C:\WINDOWS\system32;C:\WINDOWS;C:\WINDOWS\System32\Wbem;C:\WINDOWS\System32\WindowsPowerShell\v1.0\;C:\Program Files (x86)\Intel\Intel(R) Management Engine Components\DAL;C:\Program Files\Intel\Intel(R) Management Engine Components\DAL;C:\Program Files (x86)\Intel\Intel(R) Management Engine Components\IPT;C:\Program Files\Intel\Intel(R) Management Engine Components\IPT;C:\WINDOWS\System32\OpenSSH\;C:\Program Files\PuTTY\;C:\Users\Ali Asif\AppData\Local\Programs\Python\Python37-32\Scripts\;C:\Users\Ali Asif\AppData\Local\Programs\Python\Python37-32\;C:\Users\Ali Asif\AppData\Local\Microsoft\WindowsApps;;C:\Program Files\JetBrains\IntelliJ IDEA 2019.2.4\bin;
USERNAME=Ali Asif
OS=Windows_NT
PROCESSOR_IDENTIFIER=Intel64 Family 6 Model 142 Stepping 10, GenuineIntel



---------------  S Y S T E M  ---------------

OS: Windows 10 , 64 bit Build 18362 (10.0.18362.329)

CPU:total 4 (initial active 4) (2 cores per cpu, 2 threads per core) family 6 model 142 stepping 10, cmov, cx8, fxsr, mmx, sse, sse2, sse3, ssse3, sse4.1, sse4.2, popcnt, avx, avx2, aes, clmul, erms, 3dnowpref, lzcnt, ht, tsc, tscinvbit, bmi1, bmi2, adx, fma

Memory: 4k page, system-wide physical 4007M (409M free)
TotalPageFile size 6806M (AvailPageFile size 14M)
current process WorkingSet (physical memory assigned to process): 257M, peak: 264M
current process commit charge ("private bytes"): 284M, peak: 303M

vm_info: OpenJDK 64-Bit Server VM (11.0.2+9) for windows-amd64 JRE (11.0.2+9), built on Jan 18 2019 05:23:22 by "mach5one" with MS VC++ 15.5 (VS2017)

END.
